TN:
SF:src\typescript\client.ts
FN:16,getFieldValue
FN:22,secureReload
FN:28,createSecureUIElement
FN:38,setButtonLoading
FN:56,setSecureButtonContent
FN:64,(anonymous_5)
FN:68,(anonymous_6)
FN:75,(anonymous_7)
FN:77,(anonymous_8)
FN:84,(anonymous_9)
FN:99,(anonymous_10)
FN:126,(anonymous_11)
FN:166,(anonymous_12)
FN:205,(anonymous_13)
FN:244,(anonymous_14)
FN:245,(anonymous_15)
FN:250,(anonymous_16)
FN:251,(anonymous_17)
FN:259,(anonymous_18)
FN:289,(anonymous_19)
FN:294,(anonymous_20)
FN:324,(anonymous_21)
FNF:22
FNH:0
FNDA:0,getFieldValue
FNDA:0,secureReload
FNDA:0,createSecureUIElement
FNDA:0,setButtonLoading
FNDA:0,setSecureButtonContent
FNDA:0,(anonymous_5)
FNDA:0,(anonymous_6)
FNDA:0,(anonymous_7)
FNDA:0,(anonymous_8)
FNDA:0,(anonymous_9)
FNDA:0,(anonymous_10)
FNDA:0,(anonymous_11)
FNDA:0,(anonymous_12)
FNDA:0,(anonymous_13)
FNDA:0,(anonymous_14)
FNDA:0,(anonymous_15)
FNDA:0,(anonymous_16)
FNDA:0,(anonymous_17)
FNDA:0,(anonymous_18)
FNDA:0,(anonymous_19)
FNDA:0,(anonymous_20)
FNDA:0,(anonymous_21)
DA:17,0
DA:18,0
DA:24,0
DA:29,0
DA:30,0
DA:31,0
DA:32,0
DA:33,0
DA:34,0
DA:39,0
DA:40,0
DA:41,0
DA:42,0
DA:44,0
DA:45,0
DA:46,0
DA:48,0
DA:49,0
DA:51,0
DA:57,0
DA:58,0
DA:59,0
DA:65,0
DA:69,0
DA:72,0
DA:77,0
DA:78,0
DA:79,0
DA:80,0
DA:83,0
DA:84,0
DA:85,0
DA:86,0
DA:87,0
DA:95,0
DA:96,0
DA:100,0
DA:103,0
DA:104,0
DA:105,0
DA:106,0
DA:110,0
DA:111,0
DA:112,0
DA:113,0
DA:117,0
DA:118,0
DA:119,0
DA:120,0
DA:127,0
DA:128,0
DA:131,0
DA:132,0
DA:135,0
DA:136,0
DA:142,0
DA:143,0
DA:145,0
DA:146,0
DA:147,0
DA:150,0
DA:152,0
DA:153,0
DA:155,0
DA:158,0
DA:159,0
DA:160,0
DA:162,0
DA:167,0
DA:168,0
DA:170,0
DA:171,0
DA:174,0
DA:175,0
DA:180,0
DA:181,0
DA:183,0
DA:184,0
DA:186,0
DA:188,0
DA:189,0
DA:192,0
DA:193,0
DA:197,0
DA:198,0
DA:199,0
DA:201,0
DA:206,0
DA:207,0
DA:208,0
DA:209,0
DA:212,0
DA:213,0
DA:216,0
DA:218,0
DA:219,0
DA:220,0
DA:221,0
DA:222,0
DA:224,0
DA:225,0
DA:226,0
DA:228,0
DA:229,0
DA:230,0
DA:231,0
DA:234,0
DA:235,0
DA:238,0
DA:239,0
DA:240,0
DA:245,0
DA:246,0
DA:251,0
DA:252,0
DA:253,0
DA:254,0
DA:260,0
DA:262,0
DA:263,0
DA:264,0
DA:266,0
DA:267,0
DA:271,0
DA:272,0
DA:273,0
DA:274,0
DA:275,0
DA:279,0
DA:280,0
DA:281,0
DA:282,0
DA:283,0
DA:289,0
DA:290,0
DA:295,0
DA:297,0
DA:298,0
DA:299,0
DA:301,0
DA:302,0
DA:306,0
DA:307,0
DA:308,0
DA:309,0
DA:310,0
DA:314,0
DA:315,0
DA:316,0
DA:317,0
DA:318,0
DA:324,0
DA:325,0
LF:153
LH:0
BRDA:18,0,0,0
BRDA:18,0,1,0
BRDA:28,1,0,0
BRDA:28,2,0,0
BRDA:28,3,0,0
BRDA:39,4,0,0
BRDA:39,4,1,0
BRDA:44,5,0,0
BRDA:44,5,1,0
BRDA:56,6,0,0
BRDA:56,7,0,0
BRDA:56,8,0,0
BRDA:57,9,0,0
BRDA:57,9,1,0
BRDA:79,10,0,0
BRDA:79,10,1,0
BRDA:83,11,0,0
BRDA:83,11,1,0
BRDA:86,12,0,0
BRDA:86,12,1,0
BRDA:104,13,0,0
BRDA:104,13,1,0
BRDA:111,14,0,0
BRDA:111,14,1,0
BRDA:118,15,0,0
BRDA:118,15,1,0
BRDA:128,16,0,0
BRDA:128,16,1,0
BRDA:131,17,0,0
BRDA:131,17,1,0
BRDA:145,18,0,0
BRDA:145,18,1,0
BRDA:146,19,0,0
BRDA:146,19,1,0
BRDA:152,20,0,0
BRDA:152,20,1,0
BRDA:159,21,0,0
BRDA:159,21,1,0
BRDA:168,22,0,0
BRDA:168,22,1,0
BRDA:170,23,0,0
BRDA:170,23,1,0
BRDA:183,24,0,0
BRDA:183,24,1,0
BRDA:188,25,0,0
BRDA:188,25,1,0
BRDA:192,26,0,0
BRDA:192,26,1,0
BRDA:198,27,0,0
BRDA:198,27,1,0
BRDA:207,28,0,0
BRDA:207,28,1,0
BRDA:212,29,0,0
BRDA:212,29,1,0
BRDA:228,30,0,0
BRDA:228,30,1,0
BRDA:230,31,0,0
BRDA:230,31,1,0
BRDA:235,32,0,0
BRDA:235,32,1,0
BRDA:253,33,0,0
BRDA:253,33,1,0
BRDA:266,34,0,0
BRDA:266,34,1,0
BRDA:271,35,0,0
BRDA:271,35,1,0
BRDA:279,36,0,0
BRDA:279,36,1,0
BRDA:280,37,0,0
BRDA:280,37,1,0
BRDA:282,38,0,0
BRDA:282,38,1,0
BRDA:301,39,0,0
BRDA:301,39,1,0
BRDA:306,40,0,0
BRDA:306,40,1,0
BRDA:314,41,0,0
BRDA:314,41,1,0
BRDA:315,42,0,0
BRDA:315,42,1,0
BRDA:317,43,0,0
BRDA:317,43,1,0
BRF:82
BRH:0
end_of_record
TN:
SF:src\typescript\create-credit.ts
FN:11,(anonymous_0)
FN:15,(anonymous_1)
FN:19,(anonymous_2)
FN:36,(anonymous_3)
FNF:4
FNH:0
FNDA:0,(anonymous_0)
FNDA:0,(anonymous_1)
FNDA:0,(anonymous_2)
FNDA:0,(anonymous_3)
DA:9,0
DA:12,0
DA:16,0
DA:20,0
DA:22,0
DA:23,0
DA:26,0
DA:28,0
DA:29,0
DA:31,0
DA:32,0
DA:37,0
DA:38,0
DA:39,0
DA:42,0
DA:43,0
DA:47,0
DA:50,0
DA:60,0
DA:61,0
DA:63,0
DA:65,0
DA:66,0
DA:69,0
DA:70,0
DA:74,0
DA:75,0
DA:78,0
DA:79,0
DA:82,0
DA:83,0
DA:87,0
DA:88,0
LF:33
LH:0
BRDA:22,0,0,0
BRDA:22,0,1,0
BRDA:22,1,0,0
BRDA:22,1,1,0
BRDA:32,2,0,0
BRDA:32,2,1,0
BRDA:42,3,0,0
BRDA:42,3,1,0
BRDA:47,4,0,0
BRDA:47,4,1,0
BRDA:63,5,0,0
BRDA:63,5,1,0
BRDA:65,6,0,0
BRDA:65,6,1,0
BRDA:69,7,0,0
BRDA:69,7,1,0
BRDA:78,8,0,0
BRDA:78,8,1,0
BRDA:82,9,0,0
BRDA:82,9,1,0
BRF:20
BRH:0
end_of_record
TN:
SF:src\typescript\cron.ts
FN:19,generateSecureHex
FN:25,(anonymous_1)
FN:29,escapeIdForQuerySelector
FN:42,setButtonWorkingState
FN:61,handleGenerateClick
FN:101,(anonymous_5)
FN:105,initGenerateCronKey
FN:125,(anonymous_7)
FNF:8
FNH:0
FNDA:0,generateSecureHex
FNDA:0,(anonymous_1)
FNDA:0,escapeIdForQuerySelector
FNDA:0,setButtonWorkingState
FNDA:0,handleGenerateClick
FNDA:0,(anonymous_5)
FNDA:0,initGenerateCronKey
FNDA:0,(anonymous_7)
DA:21,0
DA:22,0
DA:24,0
DA:25,0
DA:35,0
DA:36,0
DA:39,0
DA:43,0
DA:46,0
DA:47,0
DA:48,0
DA:49,0
DA:51,0
DA:52,0
DA:53,0
DA:54,0
DA:56,0
DA:57,0
DA:62,0
DA:63,0
DA:66,0
DA:69,0
DA:71,0
DA:72,0
DA:75,0
DA:76,0
DA:77,0
DA:79,0
DA:82,0
DA:83,0
DA:84,0
DA:85,0
DA:88,0
DA:93,0
DA:94,0
DA:97,0
DA:101,0
DA:107,0
DA:108,0
DA:109,0
DA:112,0
DA:113,0
DA:115,0
DA:119,0
DA:120,0
DA:121,0
DA:123,0
DA:125,0
DA:126,0
DA:128,0
DA:129,0
DA:135,0
DA:137,0
DA:138,0
DA:140,0
LF:55
LH:0
BRDA:19,0,0,0
BRDA:35,1,0,0
BRDA:35,1,1,0
BRDA:35,2,0,0
BRDA:35,2,1,0
BRDA:43,3,0,0
BRDA:43,3,1,0
BRDA:52,4,0,0
BRDA:52,4,1,0
BRDA:71,5,0,0
BRDA:71,5,1,0
BRDA:76,6,0,0
BRDA:76,6,1,0
BRDA:76,7,0,0
BRDA:76,7,1,0
BRDA:83,8,0,0
BRDA:83,8,1,0
BRDA:84,9,0,0
BRDA:84,9,1,0
BRDA:107,10,0,0
BRDA:107,10,1,0
BRDA:113,11,0,0
BRDA:113,11,1,0
BRDA:119,12,0,0
BRDA:119,12,1,0
BRDA:120,13,0,0
BRDA:120,13,1,0
BRDA:128,14,0,0
BRDA:128,14,1,0
BRDA:135,15,0,0
BRDA:135,15,1,0
BRDA:135,16,0,0
BRDA:135,16,1,0
BRDA:137,17,0,0
BRDA:137,17,1,0
BRDA:137,18,0,0
BRDA:137,18,1,0
BRF:37
BRH:0
end_of_record
TN:
SF:src\typescript\family-commalist-integration.ts
FN:10,initializeCommalistPicker
FN:21,toggleCommalistPicker
FN:43,loadAngularApp
FN:63,(anonymous_3)
FN:67,(anonymous_4)
FNF:5
FNH:0
FNDA:0,initializeCommalistPicker
FNDA:0,toggleCommalistPicker
FNDA:0,loadAngularApp
FNDA:0,(anonymous_3)
FNDA:0,(anonymous_4)
DA:8,0
DA:12,0
DA:15,0
DA:16,0
DA:22,0
DA:23,0
DA:25,0
DA:27,0
DA:29,0
DA:30,0
DA:33,0
DA:34,0
DA:38,0
DA:39,0
DA:44,0
DA:45,0
DA:46,0
DA:49,0
DA:52,0
DA:53,0
DA:54,0
DA:56,0
DA:60,0
DA:61,0
DA:62,0
DA:63,0
DA:64,0
DA:65,0
DA:67,0
DA:68,0
DA:69,0
DA:72,0
DA:75,0
DA:80,0
DA:81,0
DA:83,0
LF:36
LH:0
BRDA:16,0,0,0
BRDA:16,0,1,0
BRDA:16,1,0,0
BRDA:16,1,1,0
BRDA:25,2,0,0
BRDA:25,2,1,0
BRDA:25,3,0,0
BRDA:25,3,1,0
BRDA:27,4,0,0
BRDA:27,4,1,0
BRDA:33,5,0,0
BRDA:33,5,1,0
BRDA:46,6,0,0
BRDA:46,6,1,0
BRDA:53,7,0,0
BRDA:53,7,1,0
BRDA:53,8,0,0
BRDA:53,8,1,0
BRDA:80,9,0,0
BRDA:80,9,1,0
BRF:20
BRH:0
end_of_record
TN:
SF:src\typescript\family-commalist-picker.ts
FN:14,(anonymous_0)
FN:27,(anonymous_1)
FN:31,(anonymous_2)
FN:32,(anonymous_3)
FN:38,(anonymous_4)
FN:42,(anonymous_5)
FN:92,(anonymous_6)
FN:110,(anonymous_7)
FN:128,(anonymous_8)
FN:136,(anonymous_9)
FN:139,(anonymous_10)
FN:143,(anonymous_11)
FN:149,(anonymous_12)
FN:159,(anonymous_13)
FN:165,(anonymous_14)
FN:175,(anonymous_15)
FN:176,(anonymous_16)
FN:183,(anonymous_17)
FN:184,(anonymous_18)
FN:191,(anonymous_19)
FN:198,(anonymous_20)
FN:205,(anonymous_21)
FN:212,(anonymous_22)
FN:213,(anonymous_23)
FN:222,(anonymous_24)
FN:224,(anonymous_25)
FN:242,initializeCommalistPicker
FN:247,toggleCommalistPicker
FNF:28
FNH:0
FNDA:0,(anonymous_0)
FNDA:0,(anonymous_1)
FNDA:0,(anonymous_2)
FNDA:0,(anonymous_3)
FNDA:0,(anonymous_4)
FNDA:0,(anonymous_5)
FNDA:0,(anonymous_6)
FNDA:0,(anonymous_7)
FNDA:0,(anonymous_8)
FNDA:0,(anonymous_9)
FNDA:0,(anonymous_10)
FNDA:0,(anonymous_11)
FNDA:0,(anonymous_12)
FNDA:0,(anonymous_13)
FNDA:0,(anonymous_14)
FNDA:0,(anonymous_15)
FNDA:0,(anonymous_16)
FNDA:0,(anonymous_17)
FNDA:0,(anonymous_18)
FNDA:0,(anonymous_19)
FNDA:0,(anonymous_20)
FNDA:0,(anonymous_21)
FNDA:0,(anonymous_22)
FNDA:0,(anonymous_23)
FNDA:0,(anonymous_24)
FNDA:0,(anonymous_25)
FNDA:0,initializeCommalistPicker
FNDA:0,toggleCommalistPicker
DA:9,0
DA:10,0
DA:11,0
DA:12,0
DA:15,0
DA:16,0
DA:18,0
DA:19,0
DA:22,0
DA:23,0
DA:24,0
DA:28,0
DA:29,0
DA:31,0
DA:32,0
DA:34,0
DA:39,0
DA:43,0
DA:44,0
DA:45,0
DA:47,0
DA:92,0
DA:110,0
DA:128,0
DA:137,0
DA:138,0
DA:139,0
DA:140,0
DA:144,0
DA:145,0
DA:146,0
DA:150,0
DA:151,0
DA:153,0
DA:155,0
DA:156,0
DA:160,0
DA:161,0
DA:162,0
DA:166,0
DA:167,0
DA:168,0
DA:171,0
DA:172,0
DA:176,0
DA:177,0
DA:179,0
DA:180,0
DA:184,0
DA:185,0
DA:187,0
DA:188,0
DA:192,0
DA:193,0
DA:194,0
DA:199,0
DA:200,0
DA:201,0
DA:206,0
DA:207,0
DA:208,0
DA:213,0
DA:214,0
DA:215,0
DA:218,0
DA:219,0
DA:224,0
DA:225,0
DA:226,0
DA:232,0
DA:243,0
DA:244,0
DA:248,0
DA:249,0
DA:251,0
DA:253,0
DA:255,0
DA:256,0
DA:259,0
DA:261,0
DA:262,0
DA:264,0
DA:265,0
DA:266,0
DA:268,0
DA:271,0
DA:272,0
DA:276,0
DA:277,0
DA:282,0
DA:283,0
DA:285,0
LF:92
LH:0
BRDA:18,0,0,0
BRDA:18,0,1,0
BRDA:18,1,0,0
BRDA:18,1,1,0
BRDA:28,2,0,0
BRDA:28,2,1,0
BRDA:32,3,0,0
BRDA:32,3,1,0
BRDA:32,3,2,0
BRDA:94,4,0,0
BRDA:94,4,1,0
BRDA:105,5,0,0
BRDA:105,5,1,0
BRDA:112,6,0,0
BRDA:112,6,1,0
BRDA:119,7,0,0
BRDA:119,7,1,0
BRDA:124,8,0,0
BRDA:124,8,1,0
BRDA:150,9,0,0
BRDA:150,9,1,0
BRDA:167,10,0,0
BRDA:167,10,1,0
BRDA:167,11,0,0
BRDA:167,11,1,0
BRDA:192,12,0,0
BRDA:192,12,1,0
BRDA:192,13,0,0
BRDA:192,13,1,0
BRDA:199,14,0,0
BRDA:199,14,1,0
BRDA:206,15,0,0
BRDA:206,15,1,0
BRDA:251,16,0,0
BRDA:251,16,1,0
BRDA:251,17,0,0
BRDA:251,17,1,0
BRDA:253,18,0,0
BRDA:253,18,1,0
BRDA:259,19,0,0
BRDA:259,19,1,0
BRDA:265,20,0,0
BRDA:265,20,1,0
BRDA:265,21,0,0
BRDA:265,21,1,0
BRDA:282,22,0,0
BRDA:282,22,1,0
BRF:47
BRH:0
end_of_record
TN:
SF:src\typescript\family-street-order.ts
FN:14,collectIds
FN:16,(anonymous_1)
FN:17,(anonymous_2)
FN:20,refreshPositionBadges
FN:21,(anonymous_4)
FN:27,setStatus
FN:33,postOrder
FN:36,(anonymous_7)
FN:55,initStreetOrder
FN:68,(anonymous_9)
FN:77,(anonymous_10)
FN:86,(anonymous_11)
FN:93,(anonymous_12)
FN:110,(anonymous_13)
FNF:14
FNH:0
FNDA:0,collectIds
FNDA:0,(anonymous_1)
FNDA:0,(anonymous_2)
FNDA:0,refreshPositionBadges
FNDA:0,(anonymous_4)
FNDA:0,setStatus
FNDA:0,postOrder
FNDA:0,(anonymous_7)
FNDA:0,initStreetOrder
FNDA:0,(anonymous_9)
FNDA:0,(anonymous_10)
FNDA:0,(anonymous_11)
FNDA:0,(anonymous_12)
FNDA:0,(anonymous_13)
DA:15,0
DA:16,0
DA:17,0
DA:21,0
DA:22,0
DA:23,0
DA:28,0
DA:29,0
DA:30,0
DA:34,0
DA:35,0
DA:36,0
DA:38,0
DA:44,0
DA:45,0
DA:47,0
DA:56,0
DA:57,0
DA:59,0
DA:60,0
DA:61,0
DA:63,0
DA:65,0
DA:66,0
DA:68,0
DA:69,0
DA:70,0
DA:71,0
DA:72,0
DA:73,0
DA:74,0
DA:77,0
DA:78,0
DA:79,0
DA:80,0
DA:86,0
DA:87,0
DA:93,0
DA:94,0
DA:95,0
DA:96,0
DA:97,0
DA:99,0
DA:100,0
DA:101,0
DA:102,0
DA:103,0
DA:105,0
DA:107,0
DA:110,0
DA:111,0
DA:112,0
DA:114,0
DA:115,0
DA:117,0
DA:118,0
DA:119,0
DA:120,0
DA:122,0
DA:125,0
LF:60
LH:0
BRDA:16,0,0,0
BRDA:16,0,1,0
BRDA:23,1,0,0
BRDA:23,1,1,0
BRDA:44,2,0,0
BRDA:44,2,1,0
BRDA:57,3,0,0
BRDA:57,3,1,0
BRDA:59,4,0,0
BRDA:59,4,1,0
BRDA:63,5,0,0
BRDA:63,5,1,0
BRDA:63,6,0,0
BRDA:63,6,1,0
BRDA:63,6,2,0
BRDA:70,7,0,0
BRDA:70,7,1,0
BRDA:74,8,0,0
BRDA:74,8,1,0
BRDA:95,9,0,0
BRDA:95,9,1,0
BRDA:97,10,0,0
BRDA:97,10,1,0
BRDA:97,11,0,0
BRDA:97,11,1,0
BRDA:97,11,2,0
BRDA:102,12,0,0
BRDA:102,12,1,0
BRDA:119,13,0,0
BRDA:119,13,1,0
BRDA:122,14,0,0
BRDA:122,14,1,0
BRF:32
BRH:0
end_of_record
TN:
SF:src\typescript\family.ts
FN:46,(anonymous_0)
FN:50,(anonymous_1)
FN:61,(anonymous_2)
FN:85,(anonymous_3)
FN:96,(anonymous_4)
FN:102,(anonymous_5)
FN:110,(anonymous_6)
FN:114,(anonymous_7)
FN:121,(anonymous_8)
FN:127,(anonymous_9)
FN:128,(anonymous_10)
FN:142,(anonymous_11)
FN:162,(anonymous_12)
FN:169,(anonymous_13)
FN:184,(anonymous_14)
FN:258,(anonymous_15)
FN:314,(anonymous_16)
FN:318,(anonymous_17)
FN:345,(anonymous_18)
FN:367,(anonymous_19)
FN:372,(anonymous_20)
FN:418,(anonymous_21)
FN:431,(anonymous_22)
FNF:23
FNH:0
FNDA:0,(anonymous_0)
FNDA:0,(anonymous_1)
FNDA:0,(anonymous_2)
FNDA:0,(anonymous_3)
FNDA:0,(anonymous_4)
FNDA:0,(anonymous_5)
FNDA:0,(anonymous_6)
FNDA:0,(anonymous_7)
FNDA:0,(anonymous_8)
FNDA:0,(anonymous_9)
FNDA:0,(anonymous_10)
FNDA:0,(anonymous_11)
FNDA:0,(anonymous_12)
FNDA:0,(anonymous_13)
FNDA:0,(anonymous_14)
FNDA:0,(anonymous_15)
FNDA:0,(anonymous_16)
FNDA:0,(anonymous_17)
FNDA:0,(anonymous_18)
FNDA:0,(anonymous_19)
FNDA:0,(anonymous_20)
FNDA:0,(anonymous_21)
FNDA:0,(anonymous_22)
DA:47,0
DA:52,0
DA:53,0
DA:56,0
DA:58,0
DA:62,0
DA:64,0
DA:65,0
DA:66,0
DA:67,0
DA:70,0
DA:71,0
DA:72,0
DA:74,0
DA:75,0
DA:76,0
DA:80,0
DA:81,0
DA:86,0
DA:89,0
DA:93,0
DA:94,0
DA:96,0
DA:99,0
DA:100,0
DA:102,0
DA:111,0
DA:114,0
DA:115,0
DA:121,0
DA:122,0
DA:123,0
DA:126,0
DA:127,0
DA:129,0
DA:131,0
DA:132,0
DA:134,0
DA:147,0
DA:150,0
DA:153,0
DA:154,0
DA:155,0
DA:156,0
DA:158,0
DA:161,0
DA:162,0
DA:163,0
DA:164,0
DA:165,0
DA:166,0
DA:169,0
DA:170,0
DA:171,0
DA:172,0
DA:173,0
DA:185,0
DA:188,0
DA:190,0
DA:192,0
DA:193,0
DA:198,0
DA:203,0
DA:206,0
DA:208,0
DA:209,0
DA:213,0
DA:214,0
DA:216,0
DA:217,0
DA:218,0
DA:221,0
DA:224,0
DA:225,0
DA:228,0
DA:233,0
DA:240,0
DA:241,0
DA:246,0
DA:259,0
DA:262,0
DA:264,0
DA:266,0
DA:267,0
DA:272,0
DA:275,0
DA:277,0
DA:278,0
DA:282,0
DA:283,0
DA:285,0
DA:286,0
DA:287,0
DA:293,0
DA:300,0
DA:301,0
DA:315,0
DA:316,0
DA:318,0
DA:319,0
DA:320,0
DA:322,0
DA:323,0
DA:324,0
DA:325,0
DA:327,0
DA:334,0
DA:337,0
DA:346,0
DA:347,0
DA:348,0
DA:350,0
DA:351,0
DA:352,0
DA:355,0
DA:356,0
DA:357,0
DA:358,0
DA:362,0
DA:363,0
DA:364,0
DA:366,0
DA:367,0
DA:368,0
DA:371,0
DA:372,0
DA:373,0
DA:374,0
DA:375,0
DA:377,0
DA:387,0
DA:388,0
DA:389,0
DA:392,0
DA:393,0
DA:395,0
DA:397,0
DA:398,0
DA:399,0
DA:400,0
DA:403,0
DA:404,0
DA:406,0
DA:407,0
DA:408,0
DA:411,0
DA:412,0
DA:413,0
DA:414,0
DA:419,0
DA:420,0
DA:421,0
DA:422,0
DA:424,0
DA:425,0
DA:426,0
DA:427,0
DA:428,0
DA:431,0
DA:432,0
DA:433,0
DA:435,0
LF:162
LH:0
BRDA:52,0,0,0
BRDA:52,0,1,0
BRDA:64,1,0,0
BRDA:64,1,1,0
BRDA:70,2,0,0
BRDA:70,2,1,0
BRDA:75,3,0,0
BRDA:75,3,1,0
BRDA:75,4,0,0
BRDA:75,4,1,0
BRDA:80,5,0,0
BRDA:80,5,1,0
BRDA:93,6,0,0
BRDA:93,6,1,0
BRDA:99,7,0,0
BRDA:99,7,1,0
BRDA:147,8,0,0
BRDA:147,8,1,0
BRDA:155,9,0,0
BRDA:155,9,1,0
BRDA:158,10,0,0
BRDA:158,10,1,0
BRDA:161,11,0,0
BRDA:161,11,1,0
BRDA:188,12,0,0
BRDA:188,12,1,0
BRDA:192,13,0,0
BRDA:192,13,1,0
BRDA:216,14,0,0
BRDA:216,14,1,0
BRDA:217,15,0,0
BRDA:217,15,1,0
BRDA:224,16,0,0
BRDA:224,16,1,0
BRDA:262,17,0,0
BRDA:262,17,1,0
BRDA:266,18,0,0
BRDA:266,18,1,0
BRDA:285,19,0,0
BRDA:285,19,1,0
BRDA:286,20,0,0
BRDA:286,20,1,0
BRDA:320,21,0,0
BRDA:320,21,1,0
BRDA:329,22,0,0
BRDA:329,22,1,0
BRDA:330,23,0,0
BRDA:330,23,1,0
BRDA:331,24,0,0
BRDA:331,24,1,0
BRDA:350,25,0,0
BRDA:350,25,1,0
BRDA:350,26,0,0
BRDA:350,26,1,0
BRDA:356,27,0,0
BRDA:356,27,1,0
BRDA:368,28,0,0
BRDA:368,28,1,0
BRDA:395,29,0,0
BRDA:395,29,1,0
BRDA:403,30,0,0
BRDA:403,30,1,0
BRDA:408,31,0,0
BRDA:408,31,1,0
BRDA:420,32,0,0
BRDA:420,32,1,0
BRDA:420,33,0,0
BRDA:420,33,1,0
BRDA:421,34,0,0
BRDA:421,34,1,0
BRDA:425,35,0,0
BRDA:425,35,1,0
BRDA:425,36,0,0
BRDA:425,36,1,0
BRDA:427,37,0,0
BRDA:427,37,1,0
BRDA:432,38,0,0
BRDA:432,38,1,0
BRF:78
BRH:0
end_of_record
TN:
SF:src\typescript\google-translate-popover.ts
FN:10,formatStepContent
FN:42,initStepPopovers
FN:46,(anonymous_2)
FNF:3
FNH:0
FNDA:0,formatStepContent
FNDA:0,initStepPopovers
FNDA:0,(anonymous_2)
DA:11,0
DA:12,0
DA:13,0
DA:15,0
DA:16,0
DA:17,0
DA:19,0
DA:20,0
DA:21,0
DA:22,0
DA:23,0
DA:25,0
DA:27,0
DA:28,0
DA:29,0
DA:31,0
DA:35,0
DA:36,0
DA:39,0
DA:43,0
DA:44,0
DA:46,0
DA:47,0
DA:49,0
DA:51,0
DA:53,0
DA:54,0
DA:66,0
LF:28
LH:0
BRDA:17,0,0,0
BRDA:17,0,1,0
BRDA:20,1,0,0
BRDA:20,1,1,0
BRDA:21,2,0,0
BRDA:21,2,1,0
BRDA:27,3,0,0
BRDA:27,3,1,0
BRDA:35,4,0,0
BRDA:35,4,1,0
BRDA:44,5,0,0
BRDA:44,5,1,0
BRDA:47,6,0,0
BRDA:47,6,1,0
BRDA:58,7,0,0
BRDA:58,7,1,0
BRF:16
BRH:0
end_of_record
TN:
SF:src\typescript\htmx.ts
FNF:0
FNH:0
DA:15,0
LF:1
LH:0
BRF:0
BRH:0
end_of_record
TN:
SF:src\typescript\inv-index.ts
FN:13,(anonymous_0)
FN:20,(anonymous_1)
FN:53,(anonymous_2)
FN:66,(anonymous_3)
FN:69,(anonymous_4)
FN:74,(anonymous_5)
FN:79,(anonymous_6)
FN:84,(anonymous_7)
FN:90,(anonymous_8)
FN:95,(anonymous_9)
FN:104,(anonymous_10)
FN:113,(anonymous_11)
FN:117,(anonymous_12)
FN:118,(anonymous_13)
FN:130,initInvIndex
FN:131,(anonymous_15)
FN:140,(anonymous_16)
FNF:17
FNH:17
FNDA:22,(anonymous_0)
FNDA:22,(anonymous_1)
FNDA:22,(anonymous_2)
FNDA:3,(anonymous_3)
FNDA:10,(anonymous_4)
FNDA:22,(anonymous_5)
FNDA:1,(anonymous_6)
FNDA:3,(anonymous_7)
FNDA:1,(anonymous_8)
FNDA:7,(anonymous_9)
FNDA:4,(anonymous_10)
FNDA:10,(anonymous_11)
FNDA:22,(anonymous_12)
FNDA:2,(anonymous_13)
FNDA:22,initInvIndex
FNDA:22,(anonymous_15)
FNDA:2,(anonymous_16)
DA:8,22
DA:9,22
DA:14,22
DA:15,22
DA:16,22
DA:17,22
DA:21,22
DA:22,21
DA:23,21
DA:24,21
DA:50,21
DA:54,22
DA:55,22
DA:56,22
DA:58,22
DA:59,22
DA:60,22
DA:62,22
DA:63,22
DA:64,22
DA:65,22
DA:66,22
DA:67,22
DA:69,22
DA:70,22
DA:71,22
DA:75,22
DA:76,22
DA:77,22
DA:78,22
DA:79,22
DA:80,22
DA:81,22
DA:85,3
DA:86,3
DA:87,3
DA:91,1
DA:92,1
DA:96,7
DA:97,7
DA:98,7
DA:99,7
DA:100,7
DA:101,7
DA:105,4
DA:106,4
DA:107,4
DA:108,4
DA:109,4
DA:110,4
DA:114,10
DA:118,22
DA:119,2
DA:120,1
DA:121,1
DA:122,1
DA:123,1
DA:124,1
DA:131,22
DA:132,22
DA:133,22
DA:137,22
DA:138,22
DA:140,22
DA:141,2
DA:142,2
DA:145,22
DA:146,0
DA:149,22
DA:152,22
DA:153,1
DA:155,21
LF:72
LH:71
BRDA:21,0,0,1
BRDA:21,0,1,21
BRDA:85,1,0,1
BRDA:85,1,1,2
BRDA:98,2,0,7
BRDA:98,2,1,0
BRDA:100,3,0,7
BRDA:100,3,1,0
BRDA:106,4,0,3
BRDA:106,4,1,1
BRDA:106,5,0,4
BRDA:106,5,1,4
BRDA:109,6,0,4
BRDA:109,6,1,0
BRDA:114,7,0,3
BRDA:114,7,1,7
BRDA:119,8,0,1
BRDA:119,8,1,1
BRDA:119,9,0,2
BRDA:119,9,1,1
BRDA:123,10,0,1
BRDA:123,10,1,0
BRDA:133,11,0,2
BRDA:133,11,1,20
BRDA:134,12,0,2
BRDA:134,12,1,0
BRDA:142,13,0,1
BRDA:142,13,1,1
BRDA:142,14,0,2
BRDA:142,14,1,1
BRDA:145,15,0,0
BRDA:145,15,1,22
BRDA:152,16,0,1
BRDA:152,16,1,21
BRF:34
BRH:28
end_of_record
TN:
SF:src\typescript\invoice.ts
FN:44,setButtonLoading
FN:56,getFieldValue
FN:63,(anonymous_2)
FN:67,(anonymous_3)
FN:75,(anonymous_4)
FN:93,(anonymous_5)
FN:224,(anonymous_6)
FN:233,(anonymous_7)
FN:242,(anonymous_8)
FN:273,(anonymous_9)
FN:304,(anonymous_10)
FN:355,(anonymous_11)
FN:378,(anonymous_12)
FN:428,(anonymous_13)
FN:458,(anonymous_14)
FN:479,(anonymous_15)
FN:527,(anonymous_16)
FN:547,(anonymous_17)
FN:581,(anonymous_18)
FN:602,(anonymous_19)
FN:608,(anonymous_20)
FN:632,(anonymous_21)
FN:638,(anonymous_22)
FN:666,(anonymous_23)
FN:686,(anonymous_24)
FN:696,(anonymous_25)
FN:697,(anonymous_26)
FN:719,(anonymous_27)
FN:726,(anonymous_28)
FN:740,(anonymous_29)
FN:775,(anonymous_30)
FN:777,(anonymous_31)
FN:782,(anonymous_32)
FN:786,(anonymous_33)
FN:799,(anonymous_34)
FNF:35
FNH:0
FNDA:0,setButtonLoading
FNDA:0,getFieldValue
FNDA:0,(anonymous_2)
FNDA:0,(anonymous_3)
FNDA:0,(anonymous_4)
FNDA:0,(anonymous_5)
FNDA:0,(anonymous_6)
FNDA:0,(anonymous_7)
FNDA:0,(anonymous_8)
FNDA:0,(anonymous_9)
FNDA:0,(anonymous_10)
FNDA:0,(anonymous_11)
FNDA:0,(anonymous_12)
FNDA:0,(anonymous_13)
FNDA:0,(anonymous_14)
FNDA:0,(anonymous_15)
FNDA:0,(anonymous_16)
FNDA:0,(anonymous_17)
FNDA:0,(anonymous_18)
FNDA:0,(anonymous_19)
FNDA:0,(anonymous_20)
FNDA:0,(anonymous_21)
FNDA:0,(anonymous_22)
FNDA:0,(anonymous_23)
FNDA:0,(anonymous_24)
FNDA:0,(anonymous_25)
FNDA:0,(anonymous_26)
FNDA:0,(anonymous_27)
FNDA:0,(anonymous_28)
FNDA:0,(anonymous_29)
FNDA:0,(anonymous_30)
FNDA:0,(anonymous_31)
FNDA:0,(anonymous_32)
FNDA:0,(anonymous_33)
FNDA:0,(anonymous_34)
DA:45,0
DA:46,0
DA:47,0
DA:49,0
DA:51,0
DA:57,0
DA:58,0
DA:64,0
DA:68,0
DA:69,0
DA:72,0
DA:76,0
DA:79,0
DA:80,0
DA:81,0
DA:82,0
DA:86,0
DA:87,0
DA:88,0
DA:89,0
DA:94,0
DA:97,0
DA:98,0
DA:99,0
DA:100,0
DA:104,0
DA:105,0
DA:106,0
DA:107,0
DA:111,0
DA:115,0
DA:116,0
DA:117,0
DA:121,0
DA:124,0
DA:125,0
DA:126,0
DA:130,0
DA:131,0
DA:132,0
DA:133,0
DA:137,0
DA:140,0
DA:141,0
DA:142,0
DA:146,0
DA:147,0
DA:148,0
DA:149,0
DA:150,0
DA:154,0
DA:155,0
DA:156,0
DA:157,0
DA:161,0
DA:162,0
DA:163,0
DA:164,0
DA:168,0
DA:169,0
DA:170,0
DA:171,0
DA:175,0
DA:176,0
DA:177,0
DA:178,0
DA:182,0
DA:183,0
DA:184,0
DA:185,0
DA:189,0
DA:190,0
DA:191,0
DA:192,0
DA:196,0
DA:197,0
DA:198,0
DA:199,0
DA:203,0
DA:204,0
DA:205,0
DA:206,0
DA:210,0
DA:211,0
DA:212,0
DA:213,0
DA:217,0
DA:218,0
DA:219,0
DA:220,0
DA:225,0
DA:226,0
DA:228,0
DA:230,0
DA:233,0
DA:234,0
DA:235,0
DA:239,0
DA:243,0
DA:244,0
DA:246,0
DA:247,0
DA:250,0
DA:251,0
DA:252,0
DA:254,0
DA:255,0
DA:257,0
DA:258,0
DA:259,0
DA:261,0
DA:262,0
DA:265,0
DA:266,0
DA:267,0
DA:269,0
DA:274,0
DA:275,0
DA:277,0
DA:278,0
DA:281,0
DA:282,0
DA:283,0
DA:285,0
DA:286,0
DA:288,0
DA:289,0
DA:290,0
DA:292,0
DA:293,0
DA:296,0
DA:297,0
DA:298,0
DA:300,0
DA:306,0
DA:308,0
DA:310,0
DA:311,0
DA:312,0
DA:315,0
DA:317,0
DA:319,0
DA:320,0
DA:321,0
DA:322,0
DA:323,0
DA:325,0
DA:328,0
DA:336,0
DA:337,0
DA:338,0
DA:339,0
DA:340,0
DA:342,0
DA:345,0
DA:346,0
DA:347,0
DA:349,0
DA:350,0
DA:353,0
DA:355,0
DA:356,0
DA:359,0
DA:361,0
DA:362,0
DA:363,0
DA:364,0
DA:365,0
DA:369,0
DA:370,0
DA:371,0
DA:372,0
DA:374,0
DA:380,0
DA:382,0
DA:384,0
DA:385,0
DA:386,0
DA:389,0
DA:390,0
DA:391,0
DA:393,0
DA:394,0
DA:395,0
DA:396,0
DA:397,0
DA:399,0
DA:402,0
DA:407,0
DA:408,0
DA:409,0
DA:411,0
DA:412,0
DA:413,0
DA:415,0
DA:416,0
DA:419,0
DA:420,0
DA:421,0
DA:422,0
DA:424,0
DA:429,0
DA:430,0
DA:432,0
DA:433,0
DA:434,0
DA:437,0
DA:439,0
DA:440,0
DA:442,0
DA:448,0
DA:449,0
DA:450,0
DA:452,0
DA:453,0
DA:456,0
DA:458,0
DA:459,0
DA:462,0
DA:463,0
DA:464,0
DA:465,0
DA:466,0
DA:470,0
DA:471,0
DA:472,0
DA:473,0
DA:475,0
DA:481,0
DA:482,0
DA:484,0
DA:485,0
DA:486,0
DA:489,0
DA:490,0
DA:491,0
DA:493,0
DA:499,0
DA:500,0
DA:501,0
DA:503,0
DA:504,0
DA:507,0
DA:508,0
DA:511,0
DA:514,0
DA:515,0
DA:518,0
DA:519,0
DA:520,0
DA:521,0
DA:523,0
DA:529,0
DA:531,0
DA:533,0
DA:534,0
DA:535,0
DA:538,0
DA:540,0
DA:543,0
DA:547,0
DA:548,0
DA:549,0
DA:554,0
DA:555,0
DA:557,0
DA:558,0
DA:559,0
DA:560,0
DA:561,0
DA:563,0
DA:566,0
DA:571,0
DA:572,0
DA:573,0
DA:575,0
DA:576,0
DA:579,0
DA:581,0
DA:582,0
DA:585,0
DA:586,0
DA:587,0
DA:588,0
DA:589,0
DA:593,0
DA:594,0
DA:595,0
DA:596,0
DA:598,0
DA:603,0
DA:604,0
DA:605,0
DA:609,0
DA:610,0
DA:613,0
DA:614,0
DA:615,0
DA:619,0
DA:620,0
DA:621,0
DA:622,0
DA:623,0
DA:624,0
DA:628,0
DA:633,0
DA:634,0
DA:635,0
DA:639,0
DA:640,0
DA:641,0
DA:643,0
DA:644,0
DA:645,0
DA:648,0
DA:650,0
DA:659,0
DA:660,0
DA:662,0
DA:663,0
DA:665,0
DA:666,0
DA:667,0
DA:670,0
DA:671,0
DA:672,0
DA:674,0
DA:677,0
DA:678,0
DA:679,0
DA:680,0
DA:682,0
DA:687,0
DA:688,0
DA:689,0
DA:692,0
DA:693,0
DA:695,0
DA:696,0
DA:699,0
DA:700,0
DA:701,0
DA:703,0
DA:704,0
DA:705,0
DA:706,0
DA:708,0
DA:709,0
DA:710,0
DA:712,0
DA:715,0
DA:716,0
DA:720,0
DA:721,0
DA:728,0
DA:729,0
DA:731,0
DA:732,0
DA:733,0
DA:734,0
DA:735,0
DA:736,0
DA:741,0
DA:743,0
DA:745,0
DA:746,0
DA:747,0
DA:749,0
DA:752,0
DA:753,0
DA:754,0
DA:755,0
DA:757,0
DA:759,0
DA:760,0
DA:761,0
DA:763,0
DA:765,0
DA:767,0
DA:770,0
DA:771,0
DA:776,0
DA:777,0
DA:778,0
DA:783,0
DA:787,0
DA:788,0
DA:790,0
DA:791,0
DA:792,0
DA:794,0
DA:800,0
DA:801,0
DA:802,0
DA:803,0
DA:804,0
DA:805,0
DA:806,0
DA:811,0
LF:399
LH:0
BRDA:45,0,0,0
BRDA:45,0,1,0
BRDA:50,1,0,0
BRDA:50,1,1,0
BRDA:58,2,0,0
BRDA:58,2,1,0
BRDA:80,3,0,0
BRDA:80,3,1,0
BRDA:87,4,0,0
BRDA:87,4,1,0
BRDA:98,5,0,0
BRDA:98,5,1,0
BRDA:105,6,0,0
BRDA:105,6,1,0
BRDA:115,7,0,0
BRDA:115,7,1,0
BRDA:121,8,0,0
BRDA:121,8,1,0
BRDA:124,9,0,0
BRDA:124,9,1,0
BRDA:131,10,0,0
BRDA:131,10,1,0
BRDA:137,11,0,0
BRDA:137,11,1,0
BRDA:140,12,0,0
BRDA:140,12,1,0
BRDA:147,13,0,0
BRDA:147,13,1,0
BRDA:155,14,0,0
BRDA:155,14,1,0
BRDA:162,15,0,0
BRDA:162,15,1,0
BRDA:169,16,0,0
BRDA:169,16,1,0
BRDA:176,17,0,0
BRDA:176,17,1,0
BRDA:183,18,0,0
BRDA:183,18,1,0
BRDA:190,19,0,0
BRDA:190,19,1,0
BRDA:197,20,0,0
BRDA:197,20,1,0
BRDA:204,21,0,0
BRDA:204,21,1,0
BRDA:211,22,0,0
BRDA:211,22,1,0
BRDA:218,23,0,0
BRDA:218,23,1,0
BRDA:228,24,0,0
BRDA:228,24,1,0
BRDA:234,25,0,0
BRDA:234,25,1,0
BRDA:246,26,0,0
BRDA:246,26,1,0
BRDA:257,27,0,0
BRDA:257,27,1,0
BRDA:258,28,0,0
BRDA:258,28,1,0
BRDA:261,29,0,0
BRDA:261,29,1,0
BRDA:266,30,0,0
BRDA:266,30,1,0
BRDA:266,31,0,0
BRDA:266,31,1,0
BRDA:277,32,0,0
BRDA:277,32,1,0
BRDA:288,33,0,0
BRDA:288,33,1,0
BRDA:289,34,0,0
BRDA:289,34,1,0
BRDA:292,35,0,0
BRDA:292,35,1,0
BRDA:297,36,0,0
BRDA:297,36,1,0
BRDA:297,37,0,0
BRDA:297,37,1,0
BRDA:306,38,0,0
BRDA:306,38,1,0
BRDA:310,39,0,0
BRDA:310,39,1,0
BRDA:319,40,0,0
BRDA:319,40,1,0
BRDA:321,41,0,0
BRDA:321,41,1,0
BRDA:321,42,0,0
BRDA:321,42,1,0
BRDA:336,43,0,0
BRDA:336,43,1,0
BRDA:336,44,0,0
BRDA:336,44,1,0
BRDA:338,45,0,0
BRDA:338,45,1,0
BRDA:338,46,0,0
BRDA:338,46,1,0
BRDA:349,47,0,0
BRDA:349,47,1,0
BRDA:350,48,0,0
BRDA:350,48,1,0
BRDA:359,49,0,0
BRDA:359,49,1,0
BRDA:361,50,0,0
BRDA:361,50,1,0
BRDA:363,51,0,0
BRDA:363,51,1,0
BRDA:363,52,0,0
BRDA:363,52,1,0
BRDA:370,53,0,0
BRDA:370,53,1,0
BRDA:370,54,0,0
BRDA:370,54,1,0
BRDA:380,55,0,0
BRDA:380,55,1,0
BRDA:384,56,0,0
BRDA:384,56,1,0
BRDA:393,57,0,0
BRDA:393,57,1,0
BRDA:395,58,0,0
BRDA:395,58,1,0
BRDA:395,59,0,0
BRDA:395,59,1,0
BRDA:411,60,0,0
BRDA:411,60,1,0
BRDA:412,61,0,0
BRDA:412,61,1,0
BRDA:415,62,0,0
BRDA:415,62,1,0
BRDA:420,63,0,0
BRDA:420,63,1,0
BRDA:420,64,0,0
BRDA:420,64,1,0
BRDA:432,65,0,0
BRDA:432,65,1,0
BRDA:440,66,0,0
BRDA:440,66,1,0
BRDA:452,67,0,0
BRDA:452,67,1,0
BRDA:453,68,0,0
BRDA:453,68,1,0
BRDA:462,69,0,0
BRDA:462,69,1,0
BRDA:464,70,0,0
BRDA:464,70,1,0
BRDA:464,71,0,0
BRDA:464,71,1,0
BRDA:471,72,0,0
BRDA:471,72,1,0
BRDA:471,73,0,0
BRDA:471,73,1,0
BRDA:481,74,0,0
BRDA:481,74,1,0
BRDA:484,75,0,0
BRDA:484,75,1,0
BRDA:491,76,0,0
BRDA:491,76,1,0
BRDA:503,77,0,0
BRDA:503,77,1,0
BRDA:504,78,0,0
BRDA:504,78,1,0
BRDA:507,79,0,0
BRDA:507,79,1,0
BRDA:514,80,0,0
BRDA:514,80,1,0
BRDA:519,81,0,0
BRDA:519,81,1,0
BRDA:519,82,0,0
BRDA:519,82,1,0
BRDA:529,83,0,0
BRDA:529,83,1,0
BRDA:533,84,0,0
BRDA:533,84,1,0
BRDA:548,85,0,0
BRDA:548,85,1,0
BRDA:555,86,0,0
BRDA:555,86,1,0
BRDA:557,87,0,0
BRDA:557,87,1,0
BRDA:559,88,0,0
BRDA:559,88,1,0
BRDA:559,89,0,0
BRDA:559,89,1,0
BRDA:575,90,0,0
BRDA:575,90,1,0
BRDA:576,91,0,0
BRDA:576,91,1,0
BRDA:585,92,0,0
BRDA:585,92,1,0
BRDA:587,93,0,0
BRDA:587,93,1,0
BRDA:587,94,0,0
BRDA:587,94,1,0
BRDA:594,95,0,0
BRDA:594,95,1,0
BRDA:594,96,0,0
BRDA:594,96,1,0
BRDA:603,97,0,0
BRDA:603,97,1,0
BRDA:609,98,0,0
BRDA:609,98,1,0
BRDA:614,99,0,0
BRDA:614,99,1,0
BRDA:620,100,0,0
BRDA:620,100,1,0
BRDA:622,101,0,0
BRDA:622,101,1,0
BRDA:633,102,0,0
BRDA:633,102,1,0
BRDA:643,103,0,0
BRDA:643,103,1,0
BRDA:662,104,0,0
BRDA:662,104,1,0
BRDA:663,105,0,0
BRDA:663,105,1,0
BRDA:670,106,0,0
BRDA:670,106,1,0
BRDA:670,107,0,0
BRDA:670,107,1,0
BRDA:678,108,0,0
BRDA:678,108,1,0
BRDA:678,109,0,0
BRDA:678,109,1,0
BRDA:688,110,0,0
BRDA:688,110,1,0
BRDA:693,111,0,0
BRDA:693,111,1,0
BRDA:708,112,0,0
BRDA:708,112,1,0
BRDA:708,113,0,0
BRDA:708,113,1,0
BRDA:731,114,0,0
BRDA:731,114,1,0
BRDA:731,115,0,0
BRDA:731,115,1,0
BRDA:743,116,0,0
BRDA:743,116,1,0
BRDA:746,117,0,0
BRDA:746,117,1,0
BRDA:757,118,0,0
BRDA:757,118,1,0
BRDA:760,119,0,0
BRDA:760,119,1,0
BRDA:790,120,0,0
BRDA:790,120,1,0
BRDA:790,121,0,0
BRDA:790,121,1,0
BRDA:791,122,0,0
BRDA:791,122,1,0
BRDA:801,123,0,0
BRDA:801,123,1,0
BRDA:803,124,0,0
BRDA:803,124,1,0
BRDA:805,125,0,0
BRDA:805,125,1,0
BRF:252
BRH:0
end_of_record
TN:
SF:src\typescript\list-utils.ts
FN:8,(anonymous_0)
FN:13,(anonymous_1)
FN:14,(anonymous_2)
FN:15,(anonymous_3)
FN:24,(anonymous_4)
FN:36,(anonymous_5)
FN:55,(anonymous_6)
FN:56,(anonymous_7)
FN:57,(anonymous_8)
FN:64,(anonymous_9)
FN:78,(anonymous_10)
FN:80,(anonymous_11)
FN:83,(anonymous_12)
FN:84,(anonymous_13)
FN:87,(anonymous_14)
FN:97,initGroupBySelect
FN:101,(anonymous_16)
FN:109,initGroupCollapsible
FN:110,(anonymous_18)
FN:123,(anonymous_19)
FN:124,(anonymous_20)
FNF:21
FNH:21
FNDA:43,(anonymous_0)
FNDA:44,(anonymous_1)
FNDA:132,(anonymous_2)
FNDA:16,(anonymous_3)
FNDA:16,(anonymous_4)
FNDA:12,(anonymous_5)
FNDA:7,(anonymous_6)
FNDA:2,(anonymous_7)
FNDA:2,(anonymous_8)
FNDA:7,(anonymous_9)
FNDA:2,(anonymous_10)
FNDA:20,(anonymous_11)
FNDA:43,(anonymous_12)
FNDA:1,(anonymous_13)
FNDA:1,(anonymous_14)
FNDA:30,initGroupBySelect
FNDA:3,(anonymous_16)
FNDA:6,initGroupCollapsible
FNDA:8,(anonymous_18)
FNDA:3,(anonymous_19)
FNDA:6,(anonymous_20)
DA:4,43
DA:5,43
DA:8,43
DA:9,43
DA:10,43
DA:14,44
DA:15,132
DA:16,16
DA:17,12
DA:18,12
DA:25,16
DA:26,16
DA:33,14
DA:37,12
DA:38,12
DA:39,12
DA:40,1
DA:41,1
DA:43,12
DA:44,12
DA:50,12
DA:51,12
DA:52,12
DA:54,12
DA:55,12
DA:56,12
DA:57,12
DA:58,2
DA:59,2
DA:60,1
DA:65,7
DA:66,7
DA:67,7
DA:68,7
DA:69,7
DA:70,7
DA:71,7
DA:72,7
DA:73,7
DA:74,7
DA:75,7
DA:79,2
DA:80,20
DA:84,43
DA:85,1
DA:86,1
DA:87,1
DA:88,1
DA:92,43
DA:93,43
DA:98,30
DA:99,30
DA:100,3
DA:101,3
DA:102,3
DA:103,2
DA:104,2
DA:110,6
DA:111,8
DA:112,8
DA:113,5
DA:114,5
DA:115,5
DA:116,5
DA:117,5
DA:118,10
DA:119,10
DA:123,6
DA:124,3
DA:125,6
DA:126,6
DA:127,6
DA:128,6
LF:73
LH:73
BRDA:16,0,0,12
BRDA:16,0,1,4
BRDA:16,1,0,16
BRDA:16,1,1,13
BRDA:25,2,0,16
BRDA:25,2,1,0
BRDA:26,3,0,2
BRDA:26,3,1,14
BRDA:26,4,0,16
BRDA:26,4,1,15
BRDA:39,5,0,10
BRDA:39,5,1,2
BRDA:39,6,0,1
BRDA:39,6,1,1
BRDA:40,7,0,1
BRDA:40,7,1,0
BRDA:55,8,0,6
BRDA:55,8,1,1
BRDA:56,9,0,1
BRDA:56,9,1,1
BRDA:59,10,0,1
BRDA:59,10,1,1
BRDA:86,11,0,1
BRDA:86,11,1,0
BRDA:86,12,0,1
BRDA:86,12,1,1
BRDA:92,13,0,43
BRDA:92,13,1,28
BRDA:93,14,0,16
BRDA:93,14,1,27
BRDA:99,15,0,27
BRDA:99,15,1,3
BRDA:102,16,0,2
BRDA:102,16,1,1
BRDA:103,17,0,2
BRDA:103,17,1,1
BRDA:112,18,0,3
BRDA:112,18,1,5
BRDA:117,19,0,5
BRDA:117,19,1,15
BRDA:118,20,0,6
BRDA:118,20,1,4
BRDA:123,21,0,3
BRDA:126,22,0,6
BRDA:126,22,1,3
BRDA:128,23,0,5
BRDA:128,23,1,1
BRDA:128,24,0,6
BRDA:128,24,1,4
BRDA:128,24,2,2
BRDA:128,24,3,3
BRDA:128,24,4,2
BRF:52
BRH:49
end_of_record
TN:
SF:src\typescript\mobile-preview.ts
FN:21,(anonymous_0)
FN:26,(anonymous_1)
FN:31,(anonymous_2)
FN:110,(anonymous_3)
FN:123,(anonymous_4)
FN:129,(anonymous_5)
FN:133,(anonymous_6)
FN:138,(anonymous_7)
FN:142,(anonymous_8)
FN:149,(anonymous_9)
FN:155,(anonymous_10)
FN:198,(anonymous_11)
FN:207,(anonymous_12)
FN:215,(anonymous_13)
FN:220,(anonymous_14)
FNF:15
FNH:0
FNDA:0,(anonymous_0)
FNDA:0,(anonymous_1)
FNDA:0,(anonymous_2)
FNDA:0,(anonymous_3)
FNDA:0,(anonymous_4)
FNDA:0,(anonymous_5)
FNDA:0,(anonymous_6)
FNDA:0,(anonymous_7)
FNDA:0,(anonymous_8)
FNDA:0,(anonymous_9)
FNDA:0,(anonymous_10)
FNDA:0,(anonymous_11)
FNDA:0,(anonymous_12)
FNDA:0,(anonymous_13)
FNDA:0,(anonymous_14)
DA:15,0
DA:16,0
DA:22,0
DA:23,0
DA:24,0
DA:25,0
DA:26,0
DA:27,0
DA:32,0
DA:33,0
DA:34,0
DA:35,0
DA:107,0
DA:111,0
DA:112,0
DA:113,0
DA:115,0
DA:116,0
DA:117,0
DA:119,0
DA:120,0
DA:121,0
DA:122,0
DA:123,0
DA:124,0
DA:125,0
DA:127,0
DA:129,0
DA:130,0
DA:134,0
DA:135,0
DA:136,0
DA:137,0
DA:138,0
DA:139,0
DA:143,0
DA:144,0
DA:145,0
DA:146,0
DA:150,0
DA:151,0
DA:152,0
DA:156,0
DA:158,0
DA:159,0
DA:161,0
DA:162,0
DA:164,0
DA:165,0
DA:166,0
DA:167,0
DA:169,0
DA:170,0
DA:171,0
DA:172,0
DA:173,0
DA:174,0
DA:176,0
DA:177,0
DA:178,0
DA:179,0
DA:181,0
DA:182,0
DA:183,0
DA:184,0
DA:185,0
DA:186,0
DA:188,0
DA:190,0
DA:191,0
DA:192,0
DA:193,0
DA:195,0
DA:199,0
DA:200,0
DA:201,0
DA:202,0
DA:203,0
DA:204,0
DA:208,0
DA:209,0
DA:210,0
DA:211,0
DA:212,0
DA:216,0
DA:220,0
DA:221,0
LF:87
LH:0
BRDA:22,0,0,0
BRDA:22,0,1,0
BRDA:27,1,0,0
BRDA:27,1,1,0
BRDA:27,2,0,0
BRDA:27,2,1,0
BRDA:32,3,0,0
BRDA:32,3,1,0
BRDA:144,4,0,0
BRDA:144,4,1,0
BRDA:156,5,0,0
BRDA:156,5,1,0
BRDA:203,6,0,0
BRDA:203,6,1,0
BRDA:211,7,0,0
BRDA:211,7,1,0
BRDA:216,8,0,0
BRDA:216,8,1,0
BRF:18
BRH:0
end_of_record
TN:
SF:src\typescript\page-size.ts
FN:2,(anonymous_0)
FN:4,(anonymous_1)
FN:10,(anonymous_2)
FN:13,(anonymous_3)
FN:16,(anonymous_4)
FNF:5
FNH:0
FNDA:0,(anonymous_0)
FNDA:0,(anonymous_1)
FNDA:0,(anonymous_2)
FNDA:0,(anonymous_3)
FNDA:0,(anonymous_4)
DA:3,0
DA:4,0
DA:6,0
DA:11,0
DA:12,0
DA:13,0
DA:17,0
DA:18,0
DA:19,0
DA:20,0
DA:21,0
DA:22,0
DA:23,0
DA:24,0
DA:25,0
DA:27,0
DA:28,0
DA:31,0
DA:32,0
LF:19
LH:0
BRDA:3,0,0,0
BRDA:3,0,1,0
BRDA:12,1,0,0
BRDA:12,1,1,0
BRDA:17,2,0,0
BRDA:17,2,1,0
BRDA:19,3,0,0
BRDA:19,3,1,0
BRDA:19,4,0,0
BRDA:19,4,1,0
BRDA:24,5,0,0
BRDA:24,5,1,0
BRF:12
BRH:0
end_of_record
TN:
SF:src\typescript\payment-amazon.ts
FN:45,initAmazonPayment
FNF:1
FNH:0
FNDA:0,initAmazonPayment
DA:46,0
DA:47,0
DA:49,0
DA:50,0
DA:51,0
DA:52,0
DA:53,0
DA:54,0
DA:55,0
DA:56,0
DA:58,0
DA:60,0
LF:12
LH:0
BRDA:47,0,0,0
BRDA:47,0,1,0
BRDA:49,1,0,0
BRDA:49,1,1,0
BRDA:50,2,0,0
BRDA:50,2,1,0
BRDA:51,3,0,0
BRDA:51,3,1,0
BRDA:52,4,0,0
BRDA:52,4,1,0
BRDA:53,5,0,0
BRDA:53,5,1,0
BRDA:54,6,0,0
BRDA:54,6,1,0
BRDA:55,7,0,0
BRDA:55,7,1,0
BRDA:56,8,0,0
BRDA:56,8,1,0
BRDA:58,9,0,0
BRDA:58,9,1,0
BRDA:58,10,0,0
BRDA:58,10,1,0
BRF:22
BRH:0
end_of_record
TN:
SF:src\typescript\payment-braintree.ts
FN:40,initBraintreePayment
FN:51,(anonymous_1)
FN:58,(anonymous_2)
FN:60,(anonymous_3)
FNF:4
FNH:0
FNDA:0,initBraintreePayment
FNDA:0,(anonymous_1)
FNDA:0,(anonymous_2)
FNDA:0,(anonymous_3)
DA:41,0
DA:42,0
DA:44,0
DA:45,0
DA:47,0
DA:49,0
DA:52,0
DA:53,0
DA:54,0
DA:56,0
DA:58,0
DA:59,0
DA:60,0
DA:61,0
DA:62,0
DA:63,0
DA:65,0
DA:68,0
DA:69,0
DA:71,0
LF:20
LH:0
BRDA:42,0,0,0
BRDA:42,0,1,0
BRDA:44,1,0,0
BRDA:44,1,1,0
BRDA:45,2,0,0
BRDA:45,2,1,0
BRDA:52,3,0,0
BRDA:52,3,1,0
BRDA:56,4,0,0
BRDA:56,4,1,0
BRDA:56,5,0,0
BRDA:56,5,1,0
BRDA:61,6,0,0
BRDA:61,6,1,0
BRDA:68,7,0,0
BRDA:68,7,1,0
BRDA:68,8,0,0
BRDA:68,8,1,0
BRF:18
BRH:0
end_of_record
TN:
SF:src\typescript\payment-stripe.ts
FN:51,initStripePayment
FN:64,initialize
FN:70,handleSubmit
FN:85,checkStatus
FN:107,showMessage
FN:113,(anonymous_5)
FN:119,setLoading
FN:138,(anonymous_7)
FNF:8
FNH:0
FNDA:0,initStripePayment
FNDA:0,initialize
FNDA:0,handleSubmit
FNDA:0,checkStatus
FNDA:0,showMessage
FNDA:0,(anonymous_5)
FNDA:0,setLoading
FNDA:0,(anonymous_7)
DA:52,0
DA:53,0
DA:55,0
DA:56,0
DA:57,0
DA:59,0
DA:61,0
DA:65,0
DA:66,0
DA:67,0
DA:71,0
DA:72,0
DA:73,0
DA:77,0
DA:78,0
DA:80,0
DA:82,0
DA:86,0
DA:89,0
DA:91,0
DA:92,0
DA:94,0
DA:95,0
DA:97,0
DA:98,0
DA:100,0
DA:101,0
DA:103,0
DA:109,0
DA:110,0
DA:111,0
DA:112,0
DA:113,0
DA:114,0
DA:115,0
DA:120,0
DA:121,0
DA:122,0
DA:123,0
DA:124,0
DA:125,0
DA:126,0
DA:127,0
DA:129,0
DA:130,0
DA:134,0
DA:135,0
DA:137,0
DA:138,0
LF:49
LH:0
BRDA:53,0,0,0
BRDA:53,0,1,0
BRDA:55,1,0,0
BRDA:55,1,1,0
BRDA:56,2,0,0
BRDA:56,2,1,0
BRDA:57,3,0,0
BRDA:57,3,1,0
BRDA:59,4,0,0
BRDA:59,4,1,0
BRDA:59,5,0,0
BRDA:59,5,1,0
BRDA:77,6,0,0
BRDA:77,6,1,0
BRDA:77,7,0,0
BRDA:77,7,1,0
BRDA:78,8,0,0
BRDA:78,8,1,0
BRDA:89,9,0,0
BRDA:89,9,1,0
BRDA:92,10,0,0
BRDA:92,10,1,0
BRDA:92,10,2,0
BRDA:92,10,3,0
BRDA:110,11,0,0
BRDA:110,11,1,0
BRDA:123,12,0,0
BRDA:123,12,1,0
BRDA:123,13,0,0
BRDA:123,13,1,0
BRDA:123,13,2,0
BRDA:125,14,0,0
BRDA:125,14,1,0
BRF:33
BRH:0
end_of_record
TN:
SF:src\typescript\product.ts
FN:54,setButtonState
FN:55,(anonymous_1)
FN:68,(anonymous_2)
FN:75,(anonymous_3)
FN:77,(anonymous_4)
FN:85,(anonymous_5)
FN:91,(anonymous_6)
FN:153,(anonymous_7)
FN:165,(anonymous_8)
FN:180,(anonymous_9)
FN:183,(anonymous_10)
FN:194,(anonymous_11)
FN:212,(anonymous_12)
FN:244,(anonymous_13)
FN:287,(anonymous_14)
FN:294,(anonymous_15)
FN:302,(anonymous_16)
FN:310,(anonymous_17)
FN:312,(anonymous_18)
FN:334,(anonymous_19)
FN:342,(anonymous_20)
FN:350,(anonymous_21)
FN:352,(anonymous_22)
FN:374,(anonymous_23)
FN:418,(anonymous_24)
FN:440,(anonymous_25)
FN:447,(anonymous_26)
FN:487,(anonymous_27)
FN:501,(anonymous_28)
FN:532,(anonymous_29)
FN:542,(anonymous_30)
FN:552,(anonymous_31)
FNF:32
FNH:0
FNDA:0,setButtonState
FNDA:0,(anonymous_1)
FNDA:0,(anonymous_2)
FNDA:0,(anonymous_3)
FNDA:0,(anonymous_4)
FNDA:0,(anonymous_5)
FNDA:0,(anonymous_6)
FNDA:0,(anonymous_7)
FNDA:0,(anonymous_8)
FNDA:0,(anonymous_9)
FNDA:0,(anonymous_10)
FNDA:0,(anonymous_11)
FNDA:0,(anonymous_12)
FNDA:0,(anonymous_13)
FNDA:0,(anonymous_14)
FNDA:0,(anonymous_15)
FNDA:0,(anonymous_16)
FNDA:0,(anonymous_17)
FNDA:0,(anonymous_18)
FNDA:0,(anonymous_19)
FNDA:0,(anonymous_20)
FNDA:0,(anonymous_21)
FNDA:0,(anonymous_22)
FNDA:0,(anonymous_23)
FNDA:0,(anonymous_24)
FNDA:0,(anonymous_25)
FNDA:0,(anonymous_26)
FNDA:0,(anonymous_27)
FNDA:0,(anonymous_28)
FNDA:0,(anonymous_29)
FNDA:0,(anonymous_30)
FNDA:0,(anonymous_31)
DA:12,0
DA:55,0
DA:56,0
DA:57,0
DA:58,0
DA:59,0
DA:60,0
DA:61,0
DA:62,0
DA:69,0
DA:70,0
DA:71,0
DA:72,0
DA:77,0
DA:78,0
DA:79,0
DA:80,0
DA:86,0
DA:87,0
DA:88,0
DA:92,0
DA:94,0
DA:95,0
DA:96,0
DA:99,0
DA:100,0
DA:101,0
DA:102,0
DA:105,0
DA:106,0
DA:107,0
DA:108,0
DA:112,0
DA:113,0
DA:114,0
DA:115,0
DA:118,0
DA:119,0
DA:120,0
DA:121,0
DA:125,0
DA:126,0
DA:127,0
DA:128,0
DA:131,0
DA:132,0
DA:133,0
DA:134,0
DA:138,0
DA:139,0
DA:140,0
DA:141,0
DA:142,0
DA:144,0
DA:148,0
DA:149,0
DA:154,0
DA:157,0
DA:158,0
DA:160,0
DA:161,0
DA:166,0
DA:167,0
DA:169,0
DA:170,0
DA:171,0
DA:173,0
DA:174,0
DA:175,0
DA:182,0
DA:183,0
DA:184,0
DA:185,0
DA:186,0
DA:187,0
DA:191,0
DA:195,0
DA:196,0
DA:198,0
DA:199,0
DA:201,0
DA:202,0
DA:204,0
DA:205,0
DA:213,0
DA:214,0
DA:216,0
DA:217,0
DA:218,0
DA:220,0
DA:222,0
DA:225,0
DA:227,0
DA:229,0
DA:230,0
DA:232,0
DA:233,0
DA:235,0
DA:245,0
DA:247,0
DA:248,0
DA:252,0
DA:254,0
DA:255,0
DA:258,0
DA:260,0
DA:264,0
DA:265,0
DA:267,0
DA:268,0
DA:269,0
DA:270,0
DA:272,0
DA:273,0
DA:274,0
DA:278,0
DA:279,0
DA:280,0
DA:288,0
DA:289,0
DA:290,0
DA:295,0
DA:296,0
DA:297,0
DA:299,0
DA:300,0
DA:302,0
DA:303,0
DA:304,0
DA:305,0
DA:310,0
DA:311,0
DA:312,0
DA:313,0
DA:315,0
DA:316,0
DA:324,0
DA:325,0
DA:326,0
DA:327,0
DA:329,0
DA:330,0
DA:335,0
DA:336,0
DA:337,0
DA:339,0
DA:340,0
DA:342,0
DA:343,0
DA:344,0
DA:345,0
DA:350,0
DA:351,0
DA:352,0
DA:353,0
DA:355,0
DA:356,0
DA:364,0
DA:365,0
DA:366,0
DA:367,0
DA:369,0
DA:370,0
DA:376,0
DA:378,0
DA:380,0
DA:383,0
DA:384,0
DA:385,0
DA:387,0
DA:391,0
DA:393,0
DA:394,0
DA:395,0
DA:397,0
DA:398,0
DA:400,0
DA:401,0
DA:403,0
DA:404,0
DA:406,0
DA:407,0
DA:409,0
DA:410,0
DA:412,0
DA:413,0
DA:419,0
DA:422,0
DA:423,0
DA:427,0
DA:428,0
DA:430,0
DA:431,0
DA:433,0
DA:434,0
DA:441,0
DA:448,0
DA:449,0
DA:450,0
DA:452,0
DA:454,0
DA:455,0
DA:458,0
DA:461,0
DA:462,0
DA:463,0
DA:465,0
DA:466,0
DA:468,0
DA:469,0
DA:471,0
DA:472,0
DA:481,0
DA:484,0
DA:485,0
DA:486,0
DA:487,0
DA:488,0
DA:489,0
DA:491,0
DA:493,0
DA:494,0
DA:502,0
DA:503,0
DA:504,0
DA:506,0
DA:509,0
DA:510,0
DA:513,0
DA:516,0
DA:517,0
DA:526,0
DA:529,0
DA:530,0
DA:531,0
DA:532,0
DA:533,0
DA:534,0
DA:535,0
DA:537,0
DA:538,0
DA:543,0
DA:544,0
DA:545,0
DA:546,0
DA:547,0
DA:548,0
DA:549,0
DA:553,0
DA:554,0
DA:555,0
DA:556,0
DA:557,0
LF:253
LH:0
BRDA:79,0,0,0
BRDA:79,0,1,0
BRDA:79,1,0,0
BRDA:79,1,1,0
BRDA:94,2,0,0
BRDA:94,2,1,0
BRDA:99,3,0,0
BRDA:99,3,1,0
BRDA:105,4,0,0
BRDA:105,4,1,0
BRDA:112,5,0,0
BRDA:112,5,1,0
BRDA:112,6,0,0
BRDA:112,6,1,0
BRDA:118,7,0,0
BRDA:118,7,1,0
BRDA:118,8,0,0
BRDA:118,8,1,0
BRDA:125,9,0,0
BRDA:125,9,1,0
BRDA:125,10,0,0
BRDA:125,10,1,0
BRDA:131,11,0,0
BRDA:131,11,1,0
BRDA:131,12,0,0
BRDA:131,12,1,0
BRDA:139,13,0,0
BRDA:139,13,1,0
BRDA:139,14,0,0
BRDA:139,14,1,0
BRDA:141,15,0,0
BRDA:141,15,1,0
BRDA:148,16,0,0
BRDA:148,16,1,0
BRDA:157,17,0,0
BRDA:157,17,1,0
BRDA:160,18,0,0
BRDA:160,18,1,0
BRDA:166,19,0,0
BRDA:166,19,1,0
BRDA:169,20,0,0
BRDA:169,20,1,0
BRDA:173,21,0,0
BRDA:173,21,1,0
BRDA:182,22,0,0
BRDA:182,22,1,0
BRDA:185,23,0,0
BRDA:185,23,1,0
BRDA:201,24,0,0
BRDA:201,24,1,0
BRDA:204,25,0,0
BRDA:204,25,1,0
BRDA:214,26,0,0
BRDA:214,26,1,0
BRDA:216,27,0,0
BRDA:216,27,1,0
BRDA:220,28,0,0
BRDA:220,28,1,0
BRDA:229,29,0,0
BRDA:229,29,1,0
BRDA:230,30,0,0
BRDA:230,30,1,0
BRDA:230,30,2,0
BRDA:232,31,0,0
BRDA:232,31,1,0
BRDA:258,32,0,0
BRDA:258,32,1,0
BRDA:267,33,0,0
BRDA:267,33,1,0
BRDA:273,34,0,0
BRDA:273,34,1,0
BRDA:289,35,0,0
BRDA:289,35,1,0
BRDA:300,36,0,0
BRDA:300,36,1,0
BRDA:304,37,0,0
BRDA:304,37,1,0
BRDA:340,38,0,0
BRDA:340,38,1,0
BRDA:344,39,0,0
BRDA:344,39,1,0
BRDA:378,40,0,0
BRDA:378,40,1,0
BRDA:378,41,0,0
BRDA:378,41,1,0
BRDA:383,42,0,0
BRDA:383,42,1,0
BRDA:385,43,0,0
BRDA:385,43,1,0
BRDA:385,44,0,0
BRDA:385,44,1,0
BRDA:393,45,0,0
BRDA:393,45,1,0
BRDA:395,46,0,0
BRDA:395,46,1,0
BRDA:398,47,0,0
BRDA:398,47,1,0
BRDA:401,48,0,0
BRDA:401,48,1,0
BRDA:404,49,0,0
BRDA:404,49,1,0
BRDA:407,50,0,0
BRDA:407,50,1,0
BRDA:410,51,0,0
BRDA:410,51,1,0
BRDA:413,52,0,0
BRDA:413,52,1,0
BRDA:419,53,0,0
BRDA:419,53,1,0
BRDA:428,54,0,0
BRDA:428,54,1,0
BRDA:431,55,0,0
BRDA:431,55,1,0
BRDA:452,56,0,0
BRDA:452,56,1,0
BRDA:454,57,0,0
BRDA:454,57,1,0
BRDA:455,58,0,0
BRDA:455,58,1,0
BRDA:462,59,0,0
BRDA:462,59,1,0
BRDA:462,60,0,0
BRDA:462,60,1,0
BRDA:465,61,0,0
BRDA:465,61,1,0
BRDA:469,62,0,0
BRDA:469,62,1,0
BRDA:506,63,0,0
BRDA:506,63,1,0
BRDA:509,64,0,0
BRDA:509,64,1,0
BRDA:510,65,0,0
BRDA:510,65,1,0
BRF:133
BRH:0
end_of_record
TN:
SF:src\typescript\quote-index.ts
FN:6,initQuoteIndex
FN:7,(anonymous_1)
FNF:2
FNH:2
FNDA:4,initQuoteIndex
FNDA:4,(anonymous_1)
DA:7,4
DA:8,4
DA:9,4
DA:11,4
DA:12,0
DA:16,4
DA:17,1
DA:19,3
LF:8
LH:7
BRDA:11,0,0,0
BRDA:11,0,1,4
BRDA:16,1,0,1
BRDA:16,1,1,3
BRF:4
BRH:3
end_of_record
TN:
SF:src\typescript\quote.ts
FN:4,secureReload
FN:10,secureInsertHTML
FN:14,(anonymous_2)
FN:45,getQuoteIdFromUrl
FN:51,getFieldValue
FN:57,setButtonLoading
FN:70,(anonymous_6)
FN:75,(anonymous_7)
FN:92,(anonymous_8)
FN:192,(anonymous_9)
FN:221,(anonymous_10)
FN:230,(anonymous_11)
FN:232,(anonymous_12)
FN:253,(anonymous_13)
FN:272,(anonymous_14)
FN:285,(anonymous_15)
FN:298,(anonymous_16)
FN:316,(anonymous_17)
FN:352,(anonymous_18)
FN:385,(anonymous_19)
FN:430,(anonymous_20)
FN:473,(anonymous_21)
FN:507,(anonymous_22)
FN:519,(anonymous_23)
FN:527,(anonymous_24)
FN:540,(anonymous_25)
FN:556,(anonymous_26)
FN:575,(anonymous_27)
FN:597,(anonymous_28)
FN:602,(anonymous_29)
FN:616,(anonymous_30)
FN:648,(anonymous_31)
FN:678,(anonymous_32)
FN:687,(anonymous_33)
FN:690,(anonymous_34)
FN:701,(anonymous_35)
FN:703,(anonymous_36)
FN:713,(anonymous_37)
FN:714,(anonymous_38)
FN:716,(anonymous_39)
FN:730,(anonymous_40)
FN:743,(anonymous_41)
FNF:42
FNH:0
FNDA:0,secureReload
FNDA:0,secureInsertHTML
FNDA:0,(anonymous_2)
FNDA:0,getQuoteIdFromUrl
FNDA:0,getFieldValue
FNDA:0,setButtonLoading
FNDA:0,(anonymous_6)
FNDA:0,(anonymous_7)
FNDA:0,(anonymous_8)
FNDA:0,(anonymous_9)
FNDA:0,(anonymous_10)
FNDA:0,(anonymous_11)
FNDA:0,(anonymous_12)
FNDA:0,(anonymous_13)
FNDA:0,(anonymous_14)
FNDA:0,(anonymous_15)
FNDA:0,(anonymous_16)
FNDA:0,(anonymous_17)
FNDA:0,(anonymous_18)
FNDA:0,(anonymous_19)
FNDA:0,(anonymous_20)
FNDA:0,(anonymous_21)
FNDA:0,(anonymous_22)
FNDA:0,(anonymous_23)
FNDA:0,(anonymous_24)
FNDA:0,(anonymous_25)
FNDA:0,(anonymous_26)
FNDA:0,(anonymous_27)
FNDA:0,(anonymous_28)
FNDA:0,(anonymous_29)
FNDA:0,(anonymous_30)
FNDA:0,(anonymous_31)
FNDA:0,(anonymous_32)
FNDA:0,(anonymous_33)
FNDA:0,(anonymous_34)
FNDA:0,(anonymous_35)
FNDA:0,(anonymous_36)
FNDA:0,(anonymous_37)
FNDA:0,(anonymous_38)
FNDA:0,(anonymous_39)
FNDA:0,(anonymous_40)
FNDA:0,(anonymous_41)
DA:6,0
DA:11,0
DA:12,0
DA:13,0
DA:14,0
DA:15,0
DA:16,0
DA:46,0
DA:47,0
DA:52,0
DA:53,0
DA:58,0
DA:59,0
DA:60,0
DA:62,0
DA:64,0
DA:71,0
DA:72,0
DA:77,0
DA:80,0
DA:83,0
DA:86,0
DA:89,0
DA:93,0
DA:96,0
DA:97,0
DA:98,0
DA:99,0
DA:103,0
DA:104,0
DA:105,0
DA:106,0
DA:110,0
DA:111,0
DA:112,0
DA:113,0
DA:117,0
DA:118,0
DA:119,0
DA:120,0
DA:124,0
DA:125,0
DA:126,0
DA:127,0
DA:131,0
DA:132,0
DA:133,0
DA:134,0
DA:138,0
DA:141,0
DA:142,0
DA:143,0
DA:147,0
DA:150,0
DA:151,0
DA:152,0
DA:156,0
DA:159,0
DA:160,0
DA:161,0
DA:165,0
DA:166,0
DA:167,0
DA:168,0
DA:172,0
DA:175,0
DA:176,0
DA:177,0
DA:181,0
DA:182,0
DA:183,0
DA:184,0
DA:185,0
DA:189,0
DA:193,0
DA:195,0
DA:197,0
DA:198,0
DA:199,0
DA:202,0
DA:203,0
DA:204,0
DA:205,0
DA:207,0
DA:208,0
DA:209,0
DA:210,0
DA:211,0
DA:213,0
DA:216,0
DA:217,0
DA:222,0
DA:223,0
DA:225,0
DA:226,0
DA:229,0
DA:230,0
DA:232,0
DA:234,0
DA:237,0
DA:239,0
DA:240,0
DA:241,0
DA:243,0
DA:244,0
DA:247,0
DA:248,0
DA:249,0
DA:254,0
DA:255,0
DA:256,0
DA:258,0
DA:260,0
DA:261,0
DA:263,0
DA:264,0
DA:266,0
DA:268,0
DA:273,0
DA:274,0
DA:276,0
DA:277,0
DA:278,0
DA:279,0
DA:280,0
DA:281,0
DA:286,0
DA:287,0
DA:289,0
DA:290,0
DA:291,0
DA:292,0
DA:293,0
DA:294,0
DA:299,0
DA:300,0
DA:302,0
DA:304,0
DA:305,0
DA:307,0
DA:308,0
DA:310,0
DA:312,0
DA:317,0
DA:318,0
DA:319,0
DA:321,0
DA:322,0
DA:325,0
DA:326,0
DA:332,0
DA:333,0
DA:335,0
DA:336,0
DA:337,0
DA:338,0
DA:339,0
DA:340,0
DA:341,0
DA:344,0
DA:345,0
DA:346,0
DA:348,0
DA:353,0
DA:355,0
DA:358,0
DA:359,0
DA:362,0
DA:363,0
DA:369,0
DA:370,0
DA:372,0
DA:373,0
DA:374,0
DA:377,0
DA:378,0
DA:379,0
DA:381,0
DA:386,0
DA:388,0
DA:389,0
DA:391,0
DA:392,0
DA:395,0
DA:396,0
DA:397,0
DA:404,0
DA:405,0
DA:407,0
DA:410,0
DA:411,0
DA:412,0
DA:414,0
DA:417,0
DA:420,0
DA:422,0
DA:423,0
DA:424,0
DA:426,0
DA:431,0
DA:432,0
DA:433,0
DA:435,0
DA:436,0
DA:439,0
DA:440,0
DA:441,0
DA:450,0
DA:451,0
DA:453,0
DA:456,0
DA:457,0
DA:460,0
DA:463,0
DA:465,0
DA:466,0
DA:467,0
DA:469,0
DA:474,0
DA:475,0
DA:476,0
DA:478,0
DA:479,0
DA:482,0
DA:483,0
DA:484,0
DA:490,0
DA:491,0
DA:493,0
DA:494,0
DA:495,0
DA:496,0
DA:499,0
DA:500,0
DA:501,0
DA:503,0
DA:508,0
DA:509,0
DA:511,0
DA:512,0
DA:514,0
DA:518,0
DA:519,0
DA:520,0
DA:523,0
DA:525,0
DA:526,0
DA:527,0
DA:529,0
DA:530,0
DA:531,0
DA:532,0
DA:533,0
DA:536,0
DA:542,0
DA:543,0
DA:544,0
DA:545,0
DA:549,0
DA:550,0
DA:551,0
DA:552,0
DA:557,0
DA:558,0
DA:559,0
DA:561,0
DA:562,0
DA:564,0
DA:565,0
DA:570,0
DA:571,0
DA:573,0
DA:575,0
DA:576,0
DA:580,0
DA:581,0
DA:584,0
DA:585,0
DA:586,0
DA:587,0
DA:591,0
DA:593,0
DA:597,0
DA:598,0
DA:601,0
DA:602,0
DA:603,0
DA:604,0
DA:605,0
DA:611,0
DA:612,0
DA:617,0
DA:618,0
DA:619,0
DA:621,0
DA:623,0
DA:625,0
DA:626,0
DA:629,0
DA:630,0
DA:631,0
DA:637,0
DA:638,0
DA:640,0
DA:641,0
DA:643,0
DA:644,0
DA:649,0
DA:652,0
DA:653,0
DA:654,0
DA:655,0
DA:656,0
DA:657,0
DA:660,0
DA:665,0
DA:666,0
DA:667,0
DA:668,0
DA:669,0
DA:670,0
DA:673,0
DA:679,0
DA:682,0
DA:683,0
DA:689,0
DA:690,0
DA:691,0
DA:692,0
DA:696,0
DA:697,0
DA:702,0
DA:703,0
DA:704,0
DA:705,0
DA:714,0
DA:715,0
DA:716,0
DA:717,0
DA:719,0
DA:720,0
DA:724,0
DA:725,0
DA:726,0
DA:727,0
DA:728,0
DA:730,0
DA:731,0
DA:734,0
DA:737,0
DA:738,0
DA:744,0
DA:747,0
DA:749,0
DA:750,0
DA:751,0
DA:753,0
DA:754,0
DA:755,0
LF:359
LH:0
BRDA:47,0,0,0
BRDA:47,0,1,0
BRDA:53,1,0,0
BRDA:53,1,1,0
BRDA:58,2,0,0
BRDA:58,2,1,0
BRDA:63,3,0,0
BRDA:63,3,1,0
BRDA:97,4,0,0
BRDA:97,4,1,0
BRDA:104,5,0,0
BRDA:104,5,1,0
BRDA:111,6,0,0
BRDA:111,6,1,0
BRDA:118,7,0,0
BRDA:118,7,1,0
BRDA:125,8,0,0
BRDA:125,8,1,0
BRDA:132,9,0,0
BRDA:132,9,1,0
BRDA:141,10,0,0
BRDA:141,10,1,0
BRDA:150,11,0,0
BRDA:150,11,1,0
BRDA:159,12,0,0
BRDA:159,12,1,0
BRDA:166,13,0,0
BRDA:166,13,1,0
BRDA:175,14,0,0
BRDA:175,14,1,0
BRDA:182,15,0,0
BRDA:182,15,1,0
BRDA:195,16,0,0
BRDA:195,16,1,0
BRDA:207,17,0,0
BRDA:207,17,1,0
BRDA:239,18,0,0
BRDA:239,18,1,0
BRDA:258,19,0,0
BRDA:258,19,1,0
BRDA:276,20,0,0
BRDA:276,20,1,0
BRDA:276,21,0,0
BRDA:276,21,1,0
BRDA:289,22,0,0
BRDA:289,22,1,0
BRDA:289,23,0,0
BRDA:289,23,1,0
BRDA:302,24,0,0
BRDA:302,24,1,0
BRDA:319,25,0,0
BRDA:319,25,1,0
BRDA:321,26,0,0
BRDA:321,26,1,0
BRDA:335,27,0,0
BRDA:335,27,1,0
BRDA:336,28,0,0
BRDA:336,28,1,0
BRDA:338,29,0,0
BRDA:338,29,1,0
BRDA:339,30,0,0
BRDA:339,30,1,0
BRDA:341,31,0,0
BRDA:341,31,1,0
BRDA:345,32,0,0
BRDA:345,32,1,0
BRDA:355,33,0,0
BRDA:355,33,1,0
BRDA:358,34,0,0
BRDA:358,34,1,0
BRDA:372,35,0,0
BRDA:372,35,1,0
BRDA:373,36,0,0
BRDA:373,36,1,0
BRDA:378,37,0,0
BRDA:378,37,1,0
BRDA:388,38,0,0
BRDA:388,38,1,0
BRDA:389,39,0,0
BRDA:389,39,1,0
BRDA:391,40,0,0
BRDA:391,40,1,0
BRDA:407,41,0,0
BRDA:407,41,1,0
BRDA:410,42,0,0
BRDA:410,42,1,0
BRDA:410,43,0,0
BRDA:410,43,1,0
BRDA:412,44,0,0
BRDA:412,44,1,0
BRDA:412,45,0,0
BRDA:412,45,1,0
BRDA:420,46,0,0
BRDA:420,46,1,0
BRDA:423,47,0,0
BRDA:423,47,1,0
BRDA:432,48,0,0
BRDA:432,48,1,0
BRDA:433,49,0,0
BRDA:433,49,1,0
BRDA:435,50,0,0
BRDA:435,50,1,0
BRDA:453,51,0,0
BRDA:453,51,1,0
BRDA:456,52,0,0
BRDA:456,52,1,0
BRDA:456,53,0,0
BRDA:456,53,1,0
BRDA:463,54,0,0
BRDA:463,54,1,0
BRDA:466,55,0,0
BRDA:466,55,1,0
BRDA:475,56,0,0
BRDA:475,56,1,0
BRDA:476,57,0,0
BRDA:476,57,1,0
BRDA:478,58,0,0
BRDA:478,58,1,0
BRDA:493,59,0,0
BRDA:493,59,1,0
BRDA:494,60,0,0
BRDA:494,60,1,0
BRDA:496,61,0,0
BRDA:496,61,1,0
BRDA:500,62,0,0
BRDA:500,62,1,0
BRDA:509,63,0,0
BRDA:509,63,1,0
BRDA:512,64,0,0
BRDA:512,64,1,0
BRDA:520,65,0,0
BRDA:520,65,1,0
BRDA:523,66,0,0
BRDA:523,66,1,0
BRDA:532,67,0,0
BRDA:532,67,1,0
BRDA:542,68,0,0
BRDA:542,68,1,0
BRDA:549,69,0,0
BRDA:549,69,1,0
BRDA:559,70,0,0
BRDA:559,70,1,0
BRDA:573,71,0,0
BRDA:573,71,1,0
BRDA:581,72,0,0
BRDA:581,72,1,0
BRDA:585,73,0,0
BRDA:585,73,1,0
BRDA:601,74,0,0
BRDA:601,74,1,0
BRDA:604,75,0,0
BRDA:604,75,1,0
BRDA:619,76,0,0
BRDA:619,76,1,0
BRDA:623,77,0,0
BRDA:623,77,1,0
BRDA:625,78,0,0
BRDA:625,78,1,0
BRDA:641,79,0,0
BRDA:641,79,1,0
BRDA:652,80,0,0
BRDA:652,80,1,0
BRDA:654,81,0,0
BRDA:654,81,1,0
BRDA:655,82,0,0
BRDA:655,82,1,0
BRDA:660,83,0,0
BRDA:660,83,1,0
BRDA:665,84,0,0
BRDA:665,84,1,0
BRDA:667,85,0,0
BRDA:667,85,1,0
BRDA:668,86,0,0
BRDA:668,86,1,0
BRDA:673,87,0,0
BRDA:673,87,1,0
BRDA:682,88,0,0
BRDA:682,88,1,0
BRDA:689,89,0,0
BRDA:689,89,1,0
BRDA:702,90,0,0
BRDA:702,90,1,0
BRDA:719,91,0,0
BRDA:719,91,1,0
BRDA:724,92,0,0
BRDA:724,92,1,0
BRDA:726,93,0,0
BRDA:726,93,1,0
BRDA:728,94,0,0
BRDA:728,94,1,0
BRDA:747,95,0,0
BRDA:747,95,1,0
BRDA:749,96,0,0
BRDA:749,96,1,0
BRDA:750,97,0,0
BRDA:750,97,1,0
BRF:196
BRH:0
end_of_record
TN:
SF:src\typescript\salesorder.ts
FN:4,secureInsertHTML
FN:8,(anonymous_1)
FN:14,secureReload
FN:38,(anonymous_3)
FN:43,(anonymous_4)
FN:47,(anonymous_5)
FN:49,(anonymous_6)
FN:57,(anonymous_7)
FN:109,(anonymous_8)
FN:115,(anonymous_9)
FN:131,(anonymous_10)
FN:166,(anonymous_11)
FN:175,(anonymous_12)
FN:217,(anonymous_13)
FN:220,(anonymous_14)
FN:243,(anonymous_15)
FN:250,(anonymous_16)
FN:260,(anonymous_17)
FN:302,(anonymous_18)
FN:316,(anonymous_19)
FNF:20
FNH:0
FNDA:0,secureInsertHTML
FNDA:0,(anonymous_1)
FNDA:0,secureReload
FNDA:0,(anonymous_3)
FNDA:0,(anonymous_4)
FNDA:0,(anonymous_5)
FNDA:0,(anonymous_6)
FNDA:0,(anonymous_7)
FNDA:0,(anonymous_8)
FNDA:0,(anonymous_9)
FNDA:0,(anonymous_10)
FNDA:0,(anonymous_11)
FNDA:0,(anonymous_12)
FNDA:0,(anonymous_13)
FNDA:0,(anonymous_14)
FNDA:0,(anonymous_15)
FNDA:0,(anonymous_16)
FNDA:0,(anonymous_17)
FNDA:0,(anonymous_18)
FNDA:0,(anonymous_19)
DA:5,0
DA:6,0
DA:7,0
DA:8,0
DA:9,0
DA:10,0
DA:15,0
DA:39,0
DA:40,0
DA:44,0
DA:48,0
DA:49,0
DA:50,0
DA:53,0
DA:58,0
DA:61,0
DA:62,0
DA:63,0
DA:64,0
DA:65,0
DA:67,0
DA:71,0
DA:73,0
DA:74,0
DA:78,0
DA:80,0
DA:81,0
DA:85,0
DA:87,0
DA:88,0
DA:92,0
DA:93,0
DA:94,0
DA:95,0
DA:99,0
DA:100,0
DA:101,0
DA:102,0
DA:110,0
DA:112,0
DA:115,0
DA:117,0
DA:118,0
DA:119,0
DA:120,0
DA:122,0
DA:132,0
DA:133,0
DA:134,0
DA:136,0
DA:137,0
DA:138,0
DA:141,0
DA:142,0
DA:143,0
DA:146,0
DA:149,0
DA:150,0
DA:151,0
DA:152,0
DA:156,0
DA:158,0
DA:159,0
DA:167,0
DA:168,0
DA:169,0
DA:176,0
DA:177,0
DA:178,0
DA:182,0
DA:183,0
DA:184,0
DA:185,0
DA:187,0
DA:188,0
DA:189,0
DA:190,0
DA:193,0
DA:200,0
DA:201,0
DA:202,0
DA:204,0
DA:205,0
DA:206,0
DA:209,0
DA:210,0
DA:212,0
DA:216,0
DA:217,0
DA:218,0
DA:220,0
DA:221,0
DA:222,0
DA:223,0
DA:227,0
DA:228,0
DA:232,0
DA:233,0
DA:234,0
DA:236,0
DA:244,0
DA:245,0
DA:246,0
DA:247,0
DA:250,0
DA:251,0
DA:253,0
DA:261,0
DA:262,0
DA:263,0
DA:264,0
DA:267,0
DA:268,0
DA:269,0
DA:270,0
DA:271,0
DA:274,0
DA:275,0
DA:276,0
DA:280,0
DA:281,0
DA:282,0
DA:284,0
DA:285,0
DA:286,0
DA:290,0
DA:291,0
DA:292,0
DA:293,0
DA:295,0
DA:303,0
DA:304,0
DA:305,0
DA:306,0
DA:309,0
DA:311,0
DA:312,0
DA:315,0
DA:316,0
DA:317,0
DA:320,0
DA:321,0
DA:329,0
DA:330,0
DA:332,0
DA:334,0
DA:336,0
DA:337,0
DA:340,0
DA:341,0
LF:150
LH:0
BRDA:48,0,0,0
BRDA:48,0,1,0
BRDA:62,1,0,0
BRDA:62,1,1,0
BRDA:63,2,0,0
BRDA:63,2,1,0
BRDA:64,3,0,0
BRDA:64,3,1,0
BRDA:71,4,0,0
BRDA:71,4,1,0
BRDA:71,5,0,0
BRDA:71,5,1,0
BRDA:78,6,0,0
BRDA:78,6,1,0
BRDA:78,7,0,0
BRDA:78,7,1,0
BRDA:85,8,0,0
BRDA:85,8,1,0
BRDA:85,9,0,0
BRDA:85,9,1,0
BRDA:93,10,0,0
BRDA:93,10,1,0
BRDA:100,11,0,0
BRDA:100,11,1,0
BRDA:110,12,0,0
BRDA:110,12,1,0
BRDA:117,13,0,0
BRDA:117,13,1,0
BRDA:132,14,0,0
BRDA:132,14,1,0
BRDA:133,15,0,0
BRDA:133,15,1,0
BRDA:136,16,0,0
BRDA:136,16,1,0
BRDA:150,17,0,0
BRDA:150,17,1,0
BRDA:150,18,0,0
BRDA:150,18,1,0
BRDA:167,19,0,0
BRDA:167,19,1,0
BRDA:177,20,0,0
BRDA:177,20,1,0
BRDA:187,21,0,0
BRDA:187,21,1,0
BRDA:187,22,0,0
BRDA:187,22,1,0
BRDA:187,22,2,0
BRDA:197,23,0,0
BRDA:197,23,1,0
BRDA:204,24,0,0
BRDA:204,24,1,0
BRDA:204,25,0,0
BRDA:204,25,1,0
BRDA:205,26,0,0
BRDA:205,26,1,0
BRDA:209,27,0,0
BRDA:209,27,1,0
BRDA:216,28,0,0
BRDA:216,28,1,0
BRDA:222,29,0,0
BRDA:222,29,1,0
BRDA:227,30,0,0
BRDA:227,30,1,0
BRDA:233,31,0,0
BRDA:233,31,1,0
BRDA:246,32,0,0
BRDA:246,32,1,0
BRDA:251,33,0,0
BRDA:251,33,1,0
BRDA:262,34,0,0
BRDA:262,34,1,0
BRDA:269,35,0,0
BRDA:269,35,1,0
BRDA:281,36,0,0
BRDA:281,36,1,0
BRDA:284,37,0,0
BRDA:284,37,1,0
BRDA:284,38,0,0
BRDA:284,38,1,0
BRDA:291,39,0,0
BRDA:291,39,1,0
BRDA:291,40,0,0
BRDA:291,40,1,0
BRDA:304,41,0,0
BRDA:304,41,1,0
BRDA:311,42,0,0
BRDA:311,42,1,0
BRDA:332,43,0,0
BRDA:332,43,1,0
BRDA:336,44,0,0
BRDA:336,44,1,0
BRF:91
BRH:0
end_of_record
TN:
SF:src\typescript\scripts.ts
FN:4,initTooltips
FN:7,(anonymous_1)
FN:16,initSimpleSelects
FN:23,(anonymous_3)
FN:32,showFullpageLoader
FN:45,(anonymous_5)
FN:54,hideFullpageLoader
FN:68,initPasswordMeter
FN:72,(anonymous_8)
FN:94,calculatePasswordStrength
FN:105,initializeScripts
FN:106,(anonymous_11)
FN:112,(anonymous_12)
FNF:13
FNH:0
FNDA:0,initTooltips
FNDA:0,(anonymous_1)
FNDA:0,initSimpleSelects
FNDA:0,(anonymous_3)
FNDA:0,showFullpageLoader
FNDA:0,(anonymous_5)
FNDA:0,hideFullpageLoader
FNDA:0,initPasswordMeter
FNDA:0,(anonymous_8)
FNDA:0,calculatePasswordStrength
FNDA:0,initializeScripts
FNDA:0,(anonymous_11)
FNDA:0,(anonymous_12)
DA:5,0
DA:6,0
DA:7,0
DA:8,0
DA:9,0
DA:17,0
DA:18,0
DA:20,0
DA:21,0
DA:23,0
DA:24,0
DA:25,0
DA:26,0
DA:33,0
DA:34,0
DA:35,0
DA:37,0
DA:38,0
DA:39,0
DA:40,0
DA:41,0
DA:45,0
DA:46,0
DA:47,0
DA:48,0
DA:49,0
DA:55,0
DA:56,0
DA:57,0
DA:59,0
DA:60,0
DA:61,0
DA:62,0
DA:63,0
DA:69,0
DA:70,0
DA:72,0
DA:74,0
DA:75,0
DA:77,0
DA:78,0
DA:80,0
DA:81,0
DA:82,0
DA:84,0
DA:85,0
DA:86,0
DA:87,0
DA:88,0
DA:95,0
DA:96,0
DA:97,0
DA:98,0
DA:99,0
DA:100,0
DA:101,0
DA:106,0
DA:107,0
DA:108,0
DA:109,0
DA:112,0
DA:113,0
DA:114,0
DA:115,0
DA:117,0
DA:118,0
DA:125,0
LF:67
LH:0
BRDA:6,0,0,0
BRDA:6,0,1,0
BRDA:18,1,0,0
BRDA:18,1,1,0
BRDA:20,2,0,0
BRDA:20,2,1,0
BRDA:24,3,0,0
BRDA:24,3,1,0
BRDA:37,4,0,0
BRDA:37,4,1,0
BRDA:38,5,0,0
BRDA:38,5,1,0
BRDA:39,6,0,0
BRDA:39,6,1,0
BRDA:46,7,0,0
BRDA:46,7,1,0
BRDA:47,8,0,0
BRDA:47,8,1,0
BRDA:59,9,0,0
BRDA:59,9,1,0
BRDA:60,10,0,0
BRDA:60,10,1,0
BRDA:61,11,0,0
BRDA:61,11,1,0
BRDA:70,12,0,0
BRDA:70,12,1,0
BRDA:80,13,0,0
BRDA:80,13,1,0
BRDA:80,14,0,0
BRDA:80,14,1,0
BRDA:84,15,0,0
BRDA:84,15,1,0
BRDA:87,16,0,0
BRDA:87,16,1,0
BRDA:96,17,0,0
BRDA:96,17,1,0
BRDA:97,18,0,0
BRDA:97,18,1,0
BRDA:98,19,0,0
BRDA:98,19,1,0
BRDA:99,20,0,0
BRDA:99,20,1,0
BRDA:100,21,0,0
BRDA:100,21,1,0
BRDA:114,22,0,0
BRDA:114,22,1,0
BRDA:117,23,0,0
BRDA:117,23,1,0
BRF:48
BRH:0
end_of_record
TN:
SF:src\typescript\settings.ts
FN:38,(anonymous_0)
FN:42,(anonymous_1)
FN:52,(anonymous_2)
FN:65,(anonymous_3)
FN:77,(anonymous_4)
FN:100,(anonymous_5)
FN:116,(anonymous_6)
FN:130,(anonymous_7)
FN:146,(anonymous_8)
FN:180,(anonymous_9)
FN:191,(anonymous_10)
FN:203,(anonymous_11)
FN:213,(anonymous_12)
FN:224,(anonymous_13)
FN:233,(anonymous_14)
FN:235,(anonymous_15)
FN:242,(anonymous_16)
FN:254,(anonymous_17)
FN:264,(anonymous_18)
FNF:19
FNH:0
FNDA:0,(anonymous_0)
FNDA:0,(anonymous_1)
FNDA:0,(anonymous_2)
FNDA:0,(anonymous_3)
FNDA:0,(anonymous_4)
FNDA:0,(anonymous_5)
FNDA:0,(anonymous_6)
FNDA:0,(anonymous_7)
FNDA:0,(anonymous_8)
FNDA:0,(anonymous_9)
FNDA:0,(anonymous_10)
FNDA:0,(anonymous_11)
FNDA:0,(anonymous_12)
FNDA:0,(anonymous_13)
FNDA:0,(anonymous_14)
FNDA:0,(anonymous_15)
FNDA:0,(anonymous_16)
FNDA:0,(anonymous_17)
FNDA:0,(anonymous_18)
DA:34,0
DA:36,0
DA:39,0
DA:44,0
DA:45,0
DA:48,0
DA:54,0
DA:57,0
DA:58,0
DA:59,0
DA:63,0
DA:64,0
DA:65,0
DA:66,0
DA:67,0
DA:72,0
DA:73,0
DA:74,0
DA:76,0
DA:77,0
DA:78,0
DA:79,0
DA:85,0
DA:86,0
DA:87,0
DA:94,0
DA:101,0
DA:102,0
DA:104,0
DA:106,0
DA:107,0
DA:109,0
DA:117,0
DA:119,0
DA:129,0
DA:130,0
DA:131,0
DA:134,0
DA:135,0
DA:142,0
DA:143,0
DA:146,0
DA:147,0
DA:149,0
DA:150,0
DA:154,0
DA:155,0
DA:156,0
DA:157,0
DA:161,0
DA:165,0
DA:166,0
DA:167,0
DA:173,0
DA:181,0
DA:182,0
DA:183,0
DA:192,0
DA:193,0
DA:197,0
DA:199,0
DA:200,0
DA:203,0
DA:204,0
DA:206,0
DA:207,0
DA:210,0
DA:213,0
DA:214,0
DA:215,0
DA:217,0
DA:224,0
DA:225,0
DA:226,0
DA:235,0
DA:236,0
DA:237,0
DA:242,0
DA:243,0
DA:245,0
DA:255,0
DA:256,0
DA:258,0
DA:261,0
DA:264,0
DA:265,0
DA:266,0
DA:271,0
DA:272,0
DA:273,0
DA:274,0
LF:91
LH:0
BRDA:44,0,0,0
BRDA:44,0,1,0
BRDA:58,1,0,0
BRDA:58,1,1,0
BRDA:64,2,0,0
BRDA:64,2,1,0
BRDA:74,3,0,0
BRDA:74,3,1,0
BRDA:74,4,0,0
BRDA:74,4,1,0
BRDA:76,5,0,0
BRDA:76,5,1,0
BRDA:86,6,0,0
BRDA:86,6,1,0
BRDA:104,7,0,0
BRDA:104,7,1,0
BRDA:104,8,0,0
BRDA:104,8,1,0
BRDA:106,9,0,0
BRDA:106,9,1,0
BRDA:142,10,0,0
BRDA:142,10,1,0
BRDA:149,11,0,0
BRDA:149,11,1,0
BRDA:182,12,0,0
BRDA:182,12,1,0
BRDA:182,13,0,0
BRDA:182,13,1,0
BRDA:193,14,0,0
BRDA:193,14,1,0
BRDA:204,15,0,0
BRDA:204,15,1,0
BRDA:236,16,0,0
BRDA:236,16,1,0
BRDA:236,17,0,0
BRDA:236,17,1,0
BRDA:243,18,0,0
BRDA:243,18,1,0
BRDA:243,19,0,0
BRDA:243,19,1,0
BRDA:256,20,0,0
BRDA:256,20,1,0
BRDA:265,21,0,0
BRDA:265,21,1,0
BRDA:272,22,0,0
BRDA:272,22,1,0
BRF:46
BRH:0
end_of_record
TN:
SF:src\typescript\tasks.ts
FN:18,(anonymous_0)
FN:23,(anonymous_1)
FN:37,(anonymous_2)
FN:62,(anonymous_3)
FN:71,(anonymous_4)
FN:84,(anonymous_5)
FN:92,(anonymous_6)
FN:108,(anonymous_7)
FN:111,(anonymous_8)
FN:123,(anonymous_9)
FN:150,(anonymous_10)
FN:168,(anonymous_11)
FN:199,(anonymous_12)
FN:210,(anonymous_13)
FN:229,(anonymous_14)
FN:240,(anonymous_15)
FN:241,(anonymous_16)
FN:246,(anonymous_17)
FN:254,(anonymous_18)
FN:309,(anonymous_19)
FN:314,(anonymous_20)
FN:315,(anonymous_21)
FN:321,(anonymous_22)
FN:356,(anonymous_23)
FN:366,(anonymous_24)
FN:386,(anonymous_25)
FN:403,(anonymous_26)
FN:405,(anonymous_27)
FN:408,(anonymous_28)
FN:411,(anonymous_29)
FNF:30
FNH:0
FNDA:0,(anonymous_0)
FNDA:0,(anonymous_1)
FNDA:0,(anonymous_2)
FNDA:0,(anonymous_3)
FNDA:0,(anonymous_4)
FNDA:0,(anonymous_5)
FNDA:0,(anonymous_6)
FNDA:0,(anonymous_7)
FNDA:0,(anonymous_8)
FNDA:0,(anonymous_9)
FNDA:0,(anonymous_10)
FNDA:0,(anonymous_11)
FNDA:0,(anonymous_12)
FNDA:0,(anonymous_13)
FNDA:0,(anonymous_14)
FNDA:0,(anonymous_15)
FNDA:0,(anonymous_16)
FNDA:0,(anonymous_17)
FNDA:0,(anonymous_18)
FNDA:0,(anonymous_19)
FNDA:0,(anonymous_20)
FNDA:0,(anonymous_21)
FNDA:0,(anonymous_22)
FNDA:0,(anonymous_23)
FNDA:0,(anonymous_24)
FNDA:0,(anonymous_25)
FNDA:0,(anonymous_26)
FNDA:0,(anonymous_27)
FNDA:0,(anonymous_28)
FNDA:0,(anonymous_29)
DA:19,0
DA:20,0
DA:25,0
DA:28,0
DA:31,0
DA:34,0
DA:38,0
DA:41,0
DA:42,0
DA:43,0
DA:44,0
DA:48,0
DA:49,0
DA:50,0
DA:51,0
DA:55,0
DA:56,0
DA:57,0
DA:58,0
DA:63,0
DA:65,0
DA:66,0
DA:67,0
DA:72,0
DA:73,0
DA:74,0
DA:75,0
DA:76,0
DA:77,0
DA:78,0
DA:85,0
DA:86,0
DA:93,0
DA:96,0
DA:97,0
DA:100,0
DA:101,0
DA:109,0
DA:111,0
DA:112,0
DA:113,0
DA:114,0
DA:115,0
DA:116,0
DA:117,0
DA:122,0
DA:123,0
DA:124,0
DA:125,0
DA:127,0
DA:129,0
DA:131,0
DA:132,0
DA:133,0
DA:138,0
DA:139,0
DA:140,0
DA:141,0
DA:142,0
DA:151,0
DA:152,0
DA:154,0
DA:155,0
DA:156,0
DA:157,0
DA:159,0
DA:160,0
DA:169,0
DA:170,0
DA:171,0
DA:172,0
DA:174,0
DA:180,0
DA:183,0
DA:184,0
DA:188,0
DA:189,0
DA:190,0
DA:191,0
DA:192,0
DA:197,0
DA:198,0
DA:199,0
DA:200,0
DA:201,0
DA:202,0
DA:203,0
DA:208,0
DA:210,0
DA:211,0
DA:212,0
DA:213,0
DA:214,0
DA:215,0
DA:216,0
DA:218,0
DA:219,0
DA:220,0
DA:221,0
DA:230,0
DA:231,0
DA:234,0
DA:235,0
DA:237,0
DA:240,0
DA:241,0
DA:243,0
DA:246,0
DA:247,0
DA:249,0
DA:250,0
DA:251,0
DA:253,0
DA:254,0
DA:255,0
DA:259,0
DA:260,0
DA:262,0
DA:265,0
DA:267,0
DA:268,0
DA:275,0
DA:276,0
DA:279,0
DA:281,0
DA:282,0
DA:284,0
DA:287,0
DA:288,0
DA:290,0
DA:293,0
DA:295,0
DA:296,0
DA:297,0
DA:299,0
DA:302,0
DA:310,0
DA:313,0
DA:314,0
DA:315,0
DA:318,0
DA:321,0
DA:322,0
DA:324,0
DA:325,0
DA:327,0
DA:329,0
DA:333,0
DA:335,0
DA:337,0
DA:338,0
DA:339,0
DA:340,0
DA:341,0
DA:342,0
DA:344,0
DA:345,0
DA:346,0
DA:347,0
DA:348,0
DA:349,0
DA:357,0
DA:358,0
DA:360,0
DA:361,0
DA:364,0
DA:366,0
DA:367,0
DA:372,0
DA:373,0
DA:378,0
DA:381,0
DA:382,0
DA:383,0
DA:386,0
DA:387,0
DA:390,0
DA:391,0
DA:393,0
DA:394,0
DA:395,0
DA:397,0
DA:398,0
DA:399,0
DA:403,0
DA:405,0
DA:406,0
DA:409,0
DA:411,0
DA:412,0
LF:190
LH:0
BRDA:42,0,0,0
BRDA:42,0,1,0
BRDA:49,1,0,0
BRDA:49,1,1,0
BRDA:56,2,0,0
BRDA:56,2,1,0
BRDA:65,3,0,0
BRDA:65,3,1,0
BRDA:66,4,0,0
BRDA:66,4,1,0
BRDA:72,5,0,0
BRDA:72,5,1,0
BRDA:74,6,0,0
BRDA:74,6,1,0
BRDA:74,7,0,0
BRDA:74,7,1,0
BRDA:76,8,0,0
BRDA:76,8,1,0
BRDA:96,9,0,0
BRDA:96,9,1,0
BRDA:96,10,0,0
BRDA:96,10,1,0
BRDA:113,11,0,0
BRDA:113,11,1,0
BRDA:114,12,0,0
BRDA:114,12,1,0
BRDA:116,13,0,0
BRDA:116,13,1,0
BRDA:124,14,0,0
BRDA:124,14,1,0
BRDA:127,15,0,0
BRDA:127,15,1,0
BRDA:127,16,0,0
BRDA:127,16,1,0
BRDA:129,17,0,0
BRDA:129,17,1,0
BRDA:129,17,2,0
BRDA:131,18,0,0
BRDA:131,18,1,0
BRDA:139,19,0,0
BRDA:139,19,1,0
BRDA:140,20,0,0
BRDA:140,20,1,0
BRDA:141,21,0,0
BRDA:141,21,1,0
BRDA:152,22,0,0
BRDA:152,22,1,0
BRDA:155,23,0,0
BRDA:155,23,1,0
BRDA:157,24,0,0
BRDA:157,24,1,0
BRDA:169,25,0,0
BRDA:169,25,1,0
BRDA:183,26,0,0
BRDA:183,26,1,0
BRDA:188,27,0,0
BRDA:188,27,1,0
BRDA:189,28,0,0
BRDA:189,28,1,0
BRDA:190,29,0,0
BRDA:190,29,1,0
BRDA:197,30,0,0
BRDA:197,30,1,0
BRDA:201,31,0,0
BRDA:201,31,1,0
BRDA:212,32,0,0
BRDA:212,32,1,0
BRDA:231,33,0,0
BRDA:231,33,1,0
BRDA:243,34,0,0
BRDA:243,34,1,0
BRDA:259,35,0,0
BRDA:259,35,1,0
BRDA:265,36,0,0
BRDA:265,36,1,0
BRDA:275,37,0,0
BRDA:275,37,1,0
BRDA:315,38,0,0
BRDA:315,38,1,0
BRDA:324,39,0,0
BRDA:324,39,1,0
BRDA:325,40,0,0
BRDA:325,40,1,0
BRDA:327,41,0,0
BRDA:327,41,1,0
BRDA:333,42,0,0
BRDA:333,42,1,0
BRDA:335,43,0,0
BRDA:335,43,1,0
BRDA:344,44,0,0
BRDA:344,44,1,0
BRDA:344,45,0,0
BRDA:344,45,1,0
BRDA:345,46,0,0
BRDA:345,46,1,0
BRDA:345,47,0,0
BRDA:345,47,1,0
BRDA:346,48,0,0
BRDA:346,48,1,0
BRDA:346,49,0,0
BRDA:346,49,1,0
BRDA:347,50,0,0
BRDA:347,50,1,0
BRDA:348,51,0,0
BRDA:348,51,1,0
BRDA:348,52,0,0
BRDA:348,52,1,0
BRDA:349,53,0,0
BRDA:349,53,1,0
BRDA:349,54,0,0
BRDA:349,54,1,0
BRDA:358,55,0,0
BRDA:358,55,1,0
BRF:113
BRH:0
end_of_record
TN:
SF:src\typescript\telegram-providers.ts
FN:3,initTelegramProviderPopup
FNF:1
FNH:0
FNDA:0,initTelegramProviderPopup
DA:4,0
DA:5,0
DA:6,0
LF:3
LH:0
BRDA:5,0,0,0
BRDA:5,0,1,0
BRDA:5,1,0,0
BRDA:5,1,1,0
BRF:4
BRH:0
end_of_record
TN:
SF:src\typescript\types.ts
FNF:0
FNH:0
LF:0
LH:0
BRF:0
BRH:0
end_of_record
TN:
SF:src\typescript\utils.ts
FN:11,parsedata
FN:31,getJson
FN:41,(anonymous_2)
FN:44,(anonymous_3)
FN:87,closestSafe
FN:119,getElementById
FN:128,querySelector
FN:137,querySelectorAll
FN:146,getInputValue
FN:155,processBatchWithProgress
FN:172,(anonymous_10)
FN:173,(anonymous_11)
FN:180,(anonymous_12)
FN:181,(anonymous_13)
FN:198,(anonymous_14)
FNF:15
FNH:0
FNDA:0,parsedata
FNDA:0,getJson
FNDA:0,(anonymous_2)
FNDA:0,(anonymous_3)
FNDA:0,closestSafe
FNDA:0,getElementById
FNDA:0,querySelector
FNDA:0,querySelectorAll
FNDA:0,getInputValue
FNDA:0,processBatchWithProgress
FNDA:0,(anonymous_10)
FNDA:0,(anonymous_11)
FNDA:0,(anonymous_12)
FNDA:0,(anonymous_13)
FNDA:0,(anonymous_14)
DA:12,0
DA:13,0
DA:14,0
DA:15,0
DA:16,0
DA:18,0
DA:21,0
DA:36,0
DA:38,0
DA:39,0
DA:41,0
DA:42,0
DA:44,0
DA:45,0
DA:46,0
DA:49,0
DA:50,0
DA:54,0
DA:55,0
DA:58,0
DA:66,0
DA:68,0
DA:69,0
DA:72,0
DA:74,0
DA:75,0
DA:77,0
DA:91,0
DA:92,0
DA:94,0
DA:95,0
DA:99,0
DA:100,0
DA:101,0
DA:102,0
DA:104,0
DA:107,0
DA:108,0
DA:111,0
DA:120,0
DA:129,0
DA:138,0
DA:147,0
DA:148,0
DA:165,0
DA:166,0
DA:168,0
DA:169,0
DA:172,0
DA:173,0
DA:174,0
DA:175,0
DA:178,0
DA:179,0
DA:180,0
DA:181,0
DA:186,0
DA:191,0
DA:192,0
DA:193,0
DA:195,0
DA:196,0
DA:198,0
DA:203,0
DA:209,0
DA:212,0
DA:214,0
DA:215,0
DA:216,0
DA:217,0
DA:220,0
DA:222,0
DA:225,0
LF:73
LH:0
BRDA:12,0,0,0
BRDA:12,0,1,0
BRDA:13,1,0,0
BRDA:13,1,1,0
BRDA:13,2,0,0
BRDA:13,2,1,0
BRDA:14,3,0,0
BRDA:14,3,1,0
BRDA:34,4,0,0
BRDA:38,5,0,0
BRDA:38,5,1,0
BRDA:42,6,0,0
BRDA:42,6,1,0
BRDA:45,7,0,0
BRDA:45,7,1,0
BRDA:45,8,0,0
BRDA:45,8,1,0
BRDA:49,9,0,0
BRDA:49,9,1,0
BRDA:49,10,0,0
BRDA:49,10,1,0
BRDA:54,11,0,0
BRDA:54,11,1,0
BRDA:68,12,0,0
BRDA:68,12,1,0
BRDA:92,13,0,0
BRDA:92,13,1,0
BRDA:94,14,0,0
BRDA:94,14,1,0
BRDA:101,15,0,0
BRDA:101,15,1,0
BRDA:101,16,0,0
BRDA:101,16,1,0
BRDA:148,17,0,0
BRDA:148,17,1,0
BRDA:158,18,0,0
BRDA:165,19,0,0
BRDA:165,20,0,0
BRDA:165,21,0,0
BRDA:196,22,0,0
BRDA:196,22,1,0
BRF:41
BRH:0
end_of_record
